#
# There is insufficient memory for the Java Runtime Environment to continue.
# Native memory allocation (malloc) failed to allocate 1048576 bytes for AllocateHeap
# Possible reasons:
#   The system is out of physical RAM or swap space
#   The process is running with CompressedOops enabled, and the Java Heap may be blocking the growth of the native heap
# Possible solutions:
#   Reduce memory load on the system
#   Increase physical memory or swap space
#   Check if swap backing store is full
#   Decrease Java heap size (-Xmx/-Xms)
#   Decrease number of Java threads
#   Decrease Java thread stack sizes (-Xss)
#   Set larger code cache with -XX:ReservedCodeCacheSize=
#   JVM is running with Unscaled Compressed Oops mode in which the Java heap is
#     placed in the first 4GB address space. The Java Heap base address is the
#     maximum limit for the native heap growth. Please use -XX:HeapBaseMinAddress
#     to set the Java Heap base and to place the Java Heap above 4GB virtual address.
# This output file may be truncated or incomplete.
#
#  Out of Memory Error (memory/allocation.inline.hpp:61), pid=77700, tid=0x0000000000012f6c
#
# JRE version:  (8.0_201-b09) (build )
# Java VM: Java HotSpot(TM) 64-Bit Server VM (25.201-b09 mixed mode windows-amd64 compressed oops)
# Failed to write core dump. Minidumps are not enabled by default on client versions of Windows
#

---------------  T H R E A D  ---------------

Current thread (0x000000000312e800):  JavaThread "Unknown thread" [_thread_in_vm, id=77676, stack(0x0000000002f70000,0x0000000003070000)]

Stack: [0x0000000002f70000,0x0000000003070000]
[error occurred during error reporting (printing stack bounds), id 0xc0000005]

Native frames: (J=compiled Java code, j=interpreted, Vv=VM code, C=native code)


---------------  P R O C E S S  ---------------

Java Threads: ( => current thread )

Other Threads:

=>0x000000000312e800 (exited) JavaThread "Unknown thread" [_thread_in_vm, id=77676, stack(0x0000000002f70000,0x0000000003070000)]

VM state:not at safepoint (normal execution)

VM Mutex/Monitor currently owned by a thread: None

heap address: 0x00000000cf200000, size: 782 MB, Compressed Oops mode: 32-bit
Narrow klass base: 0x0000000000000000, Narrow klass shift: 3
Compressed class space size: 1073741824 Address: 0x0000000100000000

Heap:
 PSYoungGen      total 14848K, used 256K [0x00000000efb80000, 0x00000000f0c00000, 0x0000000100000000)
  eden space 12800K, 2% used [0x00000000efb80000,0x00000000efbc0010,0x00000000f0800000)
  from space 2048K, 0% used [0x00000000f0a00000,0x00000000f0a00000,0x00000000f0c00000)
  to   space 2048K, 0% used [0x00000000f0800000,0x00000000f0800000,0x00000000f0a00000)
 ParOldGen       total 34304K, used 0K [0x00000000cf200000, 0x00000000d1380000, 0x00000000efb80000)
  object space 34304K, 0% used [0x00000000cf200000,0x00000000cf200000,0x00000000d1380000)
 Metaspace       used 751K, capacity 4480K, committed 4480K, reserved 1056768K
  class space    used 76K, capacity 384K, committed 384K, reserved 1048576K

Card table byte_map: [0x00000000125f0000,0x0000000012780000] byte_map_base: 0x0000000011f77000

Marking Bits: (ParMarkBitMap*) 0x000000005a7c4ce0
 Begin Bits: [0x0000000012c90000, 0x00000000138c8000)
 End Bits:   [0x00000000138c8000, 0x0000000014500000)

Polling page: 0x0000000000be0000

CodeCache: size=245760Kb used=328Kb max_used=328Kb free=245431Kb
 bounds [0x0000000003230000, 0x00000000034a0000, 0x0000000012230000]
 total_blobs=58 nmethods=0 adapters=38
 compilation: enabled

Compilation events (0 events):
No events

GC Heap History (0 events):
No events

Deoptimization events (0 events):
No events

Classes redefined (0 events):
No events

Internal exceptions (0 events):
No events

Events (10 events):
Event: 0.083 loading class java/lang/Short
Event: 0.083 loading class java/lang/Short done
Event: 0.083 loading class java/lang/Integer
Event: 0.083 loading class java/lang/Integer done
Event: 0.083 loading class java/lang/Long
Event: 0.084 loading class java/lang/Long done
Event: 0.086 loading class java/lang/NullPointerException
Event: 0.086 loading class java/lang/NullPointerException done
Event: 0.086 loading class java/lang/ArithmeticException
Event: 0.086 loading class java/lang/ArithmeticException done


Dynamic libraries:
0x00007ff6879d0000 - 0x00007ff687a07000 	C:\Program Files\Java\jre1.8.0_201\bin\javaw.exe
0x00007ff873020000 - 0x00007ff873210000 	C:\WINDOWS\SYSTEM32\ntdll.dll
0x00007ff8711b0000 - 0x00007ff871262000 	C:\WINDOWS\System32\KERNEL32.DLL
0x00007ff870a90000 - 0x00007ff870d33000 	C:\WINDOWS\System32\KERNELBASE.dll
0x00007ff871f30000 - 0x00007ff871fd3000 	C:\WINDOWS\System32\ADVAPI32.dll
0x00007ff8712a0000 - 0x00007ff87133e000 	C:\WINDOWS\System32\msvcrt.dll
0x00007ff871e20000 - 0x00007ff871eb7000 	C:\WINDOWS\System32\sechost.dll
0x00007ff872760000 - 0x00007ff872880000 	C:\WINDOWS\System32\RPCRT4.dll
0x00007ff8722c0000 - 0x00007ff872454000 	C:\WINDOWS\System32\USER32.dll
0x00007ff870a60000 - 0x00007ff870a81000 	C:\WINDOWS\System32\win32u.dll
0x00007ff871360000 - 0x00007ff871386000 	C:\WINDOWS\System32\GDI32.dll
0x00007ff870e20000 - 0x00007ff870fb4000 	C:\WINDOWS\System32\gdi32full.dll
0x00007ff870fc0000 - 0x00007ff87105e000 	C:\WINDOWS\System32\msvcp_win.dll
0x00007ff8708e0000 - 0x00007ff8709da000 	C:\WINDOWS\System32\ucrtbase.dll
0x00007ff8603f0000 - 0x00007ff860675000 	C:\WINDOWS\WinSxS\amd64_microsoft.windows.common-controls_6595b64144ccf1df_6.0.18362.535_none_e6c3b34713100821\COMCTL32.dll
0x00007ff8715a0000 - 0x00007ff8718d6000 	C:\WINDOWS\System32\combase.dll
0x00007ff8709e0000 - 0x00007ff870a60000 	C:\WINDOWS\System32\bcryptPrimitives.dll
0x00007ff871270000 - 0x00007ff87129e000 	C:\WINDOWS\System32\IMM32.DLL
0x000000005a850000 - 0x000000005a921000 	C:\Program Files\Java\jre1.8.0_201\bin\msvcr100.dll
0x0000000059fa0000 - 0x000000005a844000 	C:\Program Files\Java\jre1.8.0_201\bin\server\jvm.dll
0x00007ff871350000 - 0x00007ff871358000 	C:\WINDOWS\System32\PSAPI.DLL
0x00007ff8620c0000 - 0x00007ff8620c9000 	C:\WINDOWS\SYSTEM32\WSOCK32.dll
0x00007ff871ec0000 - 0x00007ff871f2f000 	C:\WINDOWS\System32\WS2_32.dll
0x00007ff8675f0000 - 0x00007ff867614000 	C:\WINDOWS\SYSTEM32\WINMM.dll
0x00007ff867620000 - 0x00007ff86762a000 	C:\WINDOWS\SYSTEM32\VERSION.dll
0x00007ff8674d0000 - 0x00007ff8674fd000 	C:\WINDOWS\SYSTEM32\WINMMBASE.dll
0x00007ff871080000 - 0x00007ff8710ca000 	C:\WINDOWS\System32\cfgmgr32.dll
0x00007ff86b650000 - 0x00007ff86b65f000 	C:\Program Files\Java\jre1.8.0_201\bin\verify.dll
0x00007ff867410000 - 0x00007ff867439000 	C:\Program Files\Java\jre1.8.0_201\bin\java.dll
0x00007ff867170000 - 0x00007ff867186000 	C:\Program Files\Java\jre1.8.0_201\bin\zip.dll

VM Arguments:
jvm_args: -Dfile.encoding=MS949 
java_command: Main
java_class_path (initial): C:\Users\bbay4\OneDrive\문서\GitHub\HealthExcerciseProject\bin;C:\Users\bbay4\Downloads\아카이브\gson-2.8.0.jar;C:\Users\bbay4\Downloads\아카이브\gwt-servlet-deps.jar;C:\Users\bbay4\Downloads\아카이브\java-json.jar;C:\Users\bbay4\Downloads\아카이브\json-20190722.jar;C:\Users\bbay4\Downloads\아카이브\json-simple-1.1.1.jar;C:\Users\bbay4\Downloads\아카이브\mysql-connector-java-8.0.18.zip;C:\Users\bbay4\Downloads\아카이브\org.json.jar;C:\Program Files\Apache Software Foundation\Tomcat 9.0\lib\annotations-api.jar;C:\Program Files\Apache Software Foundation\Tomcat 9.0\lib\catalina-ant.jar;C:\Program Files\Apache Software Foundation\Tomcat 9.0\lib\catalina-ha.jar;C:\Program Files\Apache Software Foundation\Tomcat 9.0\lib\catalina-ssi.jar;C:\Program Files\Apache Software Foundation\Tomcat 9.0\lib\catalina-storeconfig.jar;C:\Program Files\Apache Software Foundation\Tomcat 9.0\lib\catalina-tribes.jar;C:\Program Files\Apache Software Foundation\Tomcat 9.0\lib\catalina.jar;C:\Program Files\Apache Software Foundation\Tomcat 9.0\lib\ecj-4.13.jar;C:\Program Files\Apache Software Foundation\Tomcat 9.0\lib\el-api.jar;C:\Program Files\Apache Software Foundation\Tomcat 9.0\lib\jasper-el.jar;C:\Program Files\Apache Software Foundation\Tomcat 9.0\lib\jasper.jar;C:\Program Files\Apache Software Foundation\Tomcat 9.0\lib\jaspic-api.jar;C:\Program Files\Apache Software Foundation\Tomcat 9.0\lib\jsp-api.jar;C:\Program Files\Apache Software Foundation\Tomcat 9.0\lib\servlet-api.jar;C:\Program Files\Apache Software Foundation\Tomcat 9.0\lib\tomcat-api.jar;C:\Program Files\Apache Software Foundation\Tomcat 9.0\lib\tomcat-coyote.jar;C:\Program Files\Apache Software Foundation\Tomcat 9.0\lib\tomcat-dbcp.jar;C:\Program Files\Apache Software Foundation\Tomcat 9.0\lib\tomcat-i18n-cs.jar;C:\Program Files\Apache Software Foundation\Tomcat 9.0\lib\tomcat-i18n-de.jar;C:\Program Files\Apache Software Foundation\Tomcat 9.0\lib\tomcat-i18n-es.jar;C:\Program Files\Apache Softw
Launcher Type: SUN_STANDARD

Environment Variables:
JAVA_HOME=C:\Program Files\Java\jdk1.8.0_201
CLASSPATH="C:\Program Files\Java\jdk1.8.0_201\lib\tools.jar;";
PATH=C:/Program Files/Java/jdk1.8.0_201/bin/../jre/bin/server;C:/Program Files/Java/jdk1.8.0_201/bin/../jre/bin;C:/Program Files/Java/jdk1.8.0_201/bin/../jre/lib/amd64;C:\Program Files (x86)\Common Files\Oracle\Java\javapath;"C:\Program Files (x86)\Common Files\Oracle\Java\javapath;C:\Program Files\Java\jdk1.8.0_201\bin";C:\WINDOWS\system32;C:\WINDOWS;C:\WINDOWS\System32\Wbem;C:\WINDOWS\System32\WindowsPowerShell\v1.0\;C:\WINDOWS\System32\OpenSSH\;C:\Program Files\Git\cmd;C:\Program Files\Java\jdk1.8.0_201\bin;C:\Program Files (x86)\Microsoft SQL Server\100\Tools\Binn\;C:\Program Files\Microsoft SQL Server\100\Tools\Binn\;C:\Program Files\Microsoft SQL Server\100\DTS\Binn\;C:\spring4\gradle-5.4.1-bin\gradle-5.4.1\bin;C:\Users\bbay4\AppData\Local\Programs\Python\Python37-32\Scripts;C:\Program Files\MySQL\MySQL Server 5.7\bin;C:\httpd-2.4.41-win64-VS16\Apache24\bin;C:\spring4\platform-tools_r29.0.4-windows\platform-tools\;C:\Program Files\Android\Android Studio\jre\bin;C:\spring4\platform-tools_r29.0.4-windows (1)\platform-tools;C:\Program Files\Intel\WiFi\bin\;C:\Program Files\Common Files\Intel\WirelessCommon\;C:\Program Files\MySQL\MySQL Shell 8.0\bin\;C:\Users\bbay4\AppData\Local\GitHubDesktop\bin;C:\Users\bbay4\AppData\Local\Microsoft\WindowsApps;C:\Program Files\Intel\WiFi\bin\;C:\Program Files\Common Files\Intel\WirelessCommon\;C:\Program Files\MySQL\MySQL Server 8.0\bin;;C:\Users\bbay4\eclipse\java-2019-12\eclipse;
USERNAME=KAY
OS=Windows_NT
PROCESSOR_IDENTIFIER=Intel64 Family 6 Model 78 Stepping 3, GenuineIntel



---------------  S Y S T E M  ---------------

OS: Windows 10.0 , 64 bit Build 18362 (10.0.18362.329)

CPU:total 4 (initial active 4) (2 cores per cpu, 2 threads per core) family 6 model 78 stepping 3, cmov, cx8, fxsr, mmx, sse, sse2, sse3, ssse3, sse4.1, sse4.2, popcnt, avx, avx2, aes, clmul, erms, rtm, 3dnowpref, lzcnt, ht, tsc, tscinvbit, bmi1, bmi2, adx

Memory: 4k page, physical 3197772k(168712k free), swap 13159244k(5572k free)

vm_info: Java HotSpot(TM) 64-Bit Server VM (25.201-b09) for windows-amd64 JRE (1.8.0_201-b09), built on Dec 15 2018 18:36:39 by "java_re" with MS VC++ 10.0 (VS2010)

time: Wed Jan 01 01:32:08 2020
timezone: 대한민국 표준시
elapsed time: 0 seconds (0d 0h 0m 0s)

