# Native memory allocation (malloc) failed to allocate 32744 bytes for ChunkPool::allocate
# Possible reasons:
#   The system is out of physical RAM or swap space
#   The process is running with CompressedOops enabled, and the Java Heap may be blocking the growth of the native heap
# Possible solutions:
#   Reduce memory load on the system
#   Increase physical memory or swap space
#   Check if swap backing store is full
#   Decrease Java heap size (-Xmx/-Xms)
#   Decrease number of Java threads
#   Decrease Java thread stack sizes (-Xss)
#
#  Out of Memory Error, pid=5524]|100%| E|CS|TAMS 0x0000000711400000, 0x0000000711400000| Complete 
| 255|0x0000000711500000, 0x0000000711600000, 0x0000000711600000|100%| E|CS|TAMS 0x0000000711500000, 0x0000000711500000| Complete 

Card table byte_map: [0x0000025bf8700000,0x0000025bf8f00000] _byte_map_base: 0x0000025bf4ef5000

Marking Bits (Prev, Next): (CMBitMap*) 0x0000025bed745fe8, (CMBitMap*) 0x0000025bed746028
 Prev Bits: [0x0000025bf9700000, 0x0000025bfd6a8000)
 Next Bits: [0x0000025b8f000000, 0x0000025b92fa8000)

Polling page: 0x0000025bed7b0000

Metaspace:

Usage:
  Non-class:      8.16 MB capacity,     8.08 MB (>99%) used,    56.77 KB ( <1%) free+waste,    20.38 KB ( <1%) overhead. 
      Class:      1.21 MB capacity,     1.09 MB ( 90%) used,   114.57 KB (  9%) free+waste,    12.75 KB (  1%) overhead. 
       Both:      9.37 MB capacity,     9.17 MB ( 98%) used,   171.34 KB (  2%) free+waste,    33.13 KB ( <1%) overhead. 

Virtual space:
  Non-class space:       10.00 MB reserved,       8.25 MB ( 83%) committed 
      Class space:        1.00 GB reserved,       1.25 MB ( <1%) committed 
             Both:        1.01 GB reserved,       9.50 MB ( <1%) committed 

Chunk freelists:
   Non-Class:  33.00 KB
       Class:  9.00 KB
        Both:  42.00 KB

MaxMetaspaceSize: 17179869184.00 GB
CompressedClassSpaceSize: 1.00 GB

CodeHeap 'non-profiled nmethods': size=120000Kb used=503Kb max_used=503Kb free=119496Kb
 bounds [0x0000025b87ad0000, 0x0000025b87d40000, 0x0000025b8f000000]
CodeHeap 'profiled nmethods': size=120000Kb used=2262Kb max_used=2262Kb free=117738Kb
 bounds [0x0000025b805a0000, 0x0000025b80810000, 0x0000025b87ad0000]
CodeHeap 'non-nmethods': size=5760Kb used=1286Kb max_used=1343Kb free=4473Kb
 bounds [0x0000025b80000000, 0x0000025b80270000, 0x0000025b805a0000]
 total_blobs=2338 nmethods=1248 adapters=482
 compilation: enabled
              stopped_count=0, restarted_count=0
 full_count=0

Compilation events (20 events):
Event: 2.452 Thread 0x0000025b93b57000 nmethod 1241 0x0000025b807cc110 code [0x0000025b807cc500, 0x0000025b807cdd90]
Event: 2.452 Thread 0x0000025b93b57000 1242       3       java.awt.EventQueue$4::<init> (20 bytes)
Event: 2.452 Thread 0x0000025b93b57000 nmethod 1242 0x0000025b807ce690 code [0x0000025b807ce840, 0x0000025b807ceb58]
Event: 2.452 Thread 0x0000025b93b57000 1243       3       java.awt.EventQueue::getAccessControlContextFrom (53 bytes)
Event: 2.453 Thread 0x0000025b93b57000 nmethod 1243 0x0000025b807cec10 code [0x0000025b807cee40, 0x0000025b807cf990]
Event: 2.465 Thread 0x0000025b93b57000 1244       3       java.awt.EventQueue::coalesceEvent (86 bytes)
Event: 2.466 Thread 0x0000025b93b57000 nmethod 1244 0x0000025b807cfb90 code [0x0000025b807cfdc0, 0x0000025b807d0ba0]
Event: 2.466 Thread 0x0000025b93b57000 1245       3       java.awt.EventQueue::cacheEQItem (60 bytes)
Event: 2.467 Thread 0x0000025b93b57000 nmethod 1245 0x0000025b807d0d90 code [0x0000025b807d0f80, 0x0000025b807d1870]
Event: 2.467 Thread 0x0000025b93b57000 1246   !   3       java.awt.EventDispatchThread::pumpOneEventForFilters (113 bytes)
Event: 2.469 Thread 0x0000025b93b57000 nmethod 1246 0x0000025b807d1a90 code [0x0000025b807d1d20, 0x0000025b807d2890]
Event: 2.471 Thread 0x0000025b93b57000 1247       3       java.awt.EventDispatchThread$HierarchyEventFilter::acceptEvent (225 bytes)
Event: 2.473 Thread 0x0000025b93b57000 nmethod 1247 0x0000025b807d2f10 code [0x0000025b807d3180, 0x0000025b807d44d0]
Event: 2.473 Thread 0x0000025b93b57000 1248       3       sun.awt.dnd.SunDragSourceContextPeer::checkEvent (29 bytes)
Event: 2.473 Thread 0x0000025b93b57000 nmethod 1248 0x0000025b807d4790 code [0x0000025b807d4960, 0x0000025b807d4e98]
Event: 2.503 Thread 0x0000025b93b57000 1249       3       sun.awt.SunToolkit::getSystemEventQueueImplPP (13 bytes)
Event: 2.503 Thread 0x0000025b93b57000 nmethod 1249 0x0000025b807d4f10 code [0x0000025b807d50c0, 0x0000025b807d5350]
Event: 3.387 Thread 0x0000025b93b57000 1250       3       java.util.LinkedList::add (7 bytes)
Event: 3.387 Thread 0x0000025b93b57000 nmethod 1250 0x0000025b807d5410 code [0x0000025b807d55c0, 0x0000025b807d5790]
Event: 1803.299 Thread 0x0000025b93b50800 1252       4       java.util.concurrent.ConcurrentHashMap::get (162 bytes)

GC Heap History (0 events):
No events

Deoptimization events (20 events):
Event: 0.850 Thread 0x0000025bed6dc800 Uncommon trap: trap_request=0xffffffde fr.pc=0x0000025b87b084b0 relative=0x0000000000000a90
Event: 0.850 Thread 0x0000025bed6dc800 Uncommon trap: reason=class_check action=maybe_recompile pc=0x0000025b87b084b0 method=java.util.HashMap.putVal(ILjava/lang/Object;Ljava/lang/Object;ZZ)Ljava/lang/Object; @ 203 c2
Event: 0.850 Thread 0x0000025bed6dc800 DEOPT PACKING pc=0x0000025b87b084b0 sp=0x00000078989fe110
Event: 0.850 Thread 0x0000025bed6dc800 DEOPT UNPACKING pc=0x0000025b8004912f sp=0x00000078989fe0b0 mode 2
Event: 0.850 Thread 0x0000025bed6dc800 Uncommon trap: trap_request=0xffffffde fr.pc=0x0000025b87b084b0 relative=0x0000000000000a90
Event: 0.850 Thread 0x0000025bed6dc800 Uncommon trap: reason=class_check action=maybe_recompile pc=0x0000025b87b084b0 method=java.util.HashMap.putVal(ILjava/lang/Object;Ljava/lang/Object;ZZ)Ljava/lang/Object; @ 203 c2
Event: 0.850 Thread 0x0000025bed6dc800 DEOPT PACKING pc=0x0000025b87b084b0 sp=0x00000078989fe110
Event: 0.850 Thread 0x0000025bed6dc800 DEOPT UNPACKING pc=0x0000025b8004912f sp=0x00000078989fe0b0 mode 2
Event: 0.863 Thread 0x0000025bed6dc800 Uncommon trap: trap_request=0xffffff45 fr.pc=0x0000025b87b1a004 relative=0x0000000000000444
Event: 0.863 Thread 0x0000025bed6dc800 Uncommon trap: reason=unstable_if action=reinterpret pc=0x0000025b87b1a004 method=java.lang.Character.isSurrogate(C)Z @ 3 c2
Event: 0.863 Thread 0x0000025bed6dc800 DEOPT PACKING pc=0x0000025b87b1a004 sp=0x00000078989fdd60
Event: 0.863 Thread 0x0000025bed6dc800 DEOPT UNPACKING pc=0x0000025b8004912f sp=0x00000078989fdc78 mode 2
Event: 0.916 Thread 0x0000025bed6dc800 Uncommon trap: trap_request=0xffffff45 fr.pc=0x0000025b87b1e468 relative=0x00000000000000c8
Event: 0.916 Thread 0x0000025bed6dc800 Uncommon trap: reason=unstable_if action=reinterpret pc=0x0000025b87b1e468 method=java.lang.ref.SoftReference.get()Ljava/lang/Object; @ 6 c2
Event: 0.916 Thread 0x0000025bed6dc800 DEOPT PACKING pc=0x0000025b87b1e468 sp=0x00000078989fe650
Event: 0.916 Thread 0x0000025bed6dc800 DEOPT UNPACKING pc=0x0000025b8004912f sp=0x00000078989fe608 mode 2
Event: 0.921 Thread 0x0000025bed6dc800 Uncommon trap: trap_request=0xffffff45 fr.pc=0x0000025b87b156dc relative=0x000000000000013c
Event: 0.921 Thread 0x0000025bed6dc800 Uncommon trap: reason=unstable_if action=reinterpret pc=0x0000025b87b156dc method=sun.font.TrueTypeFont.getDirectoryEntry(I)Lsun/font/TrueTypeFont$DirectoryEntry; @ 7 c2
Event: 0.921 Thread 0x0000025bed6dc800 DEOPT PACKING pc=0x0000025b87b156dc sp=0x00000078989fe4b0
Event: 0.921 Thread 0x0000025bed6dc800 DEOPT UNPACKING pc=0x0000025b8004912f sp=0x00000078989fe440 mode 2

Classes unloaded (0 events):
No events

Classes redefined (0 events):
No events

Internal exceptions (15 events):
Event: 0.167 Thread 0x0000025bed6dc800 Exception <a 'java/lang/ClassNotFoundException'{0x000000071140fa48}: sun/awt/resources/spi/awtProvider> (0x000000071140fa48) 
thrown [t:/workspace/open/src/hotspot/share/classfile/systemDictionary.cpp, line 232]
Event: 0.198 Thread 0x0000025bed6dc800 Exception <a 'java/io/FileNotFoundException'{0x000000071145d458}> (0x000000071145d458) 
thrown [t:/workspace/open/src/hotspot/share/prims/jni.cpp, line 598]
Event: 0.210 Thread 0x0000025bed6dc800 Exception <a 'java/io/FileNotFoundException'{0x0000000711483f30}> (0x0000000711483f30) 
thrown [t:/workspace/open/src/hotspot/share/prims/jni.cpp, line 598]
Event: 0.276 Thread 0x0000025b93ebd000 Exception <a 'java/lang/NoSuchMethodError'{0x00000007114fb358}: 'void java.lang.invoke.DirectMethodHandle$Holder.invokeSpecial(java.lang.Object, java.lang.Object)'> (0x00000007114fb358) 
thrown [t:/workspace/open/src/hotspot/share/interpreter/linkResolver.cpp, line 767]
Event: 0.317 Thread 0x0000025bed6dc800 Exception <a 'java/lang/NoSuchMethodError'{0x000000071134f148}: 'java.lang.Object java.lang.invoke.DirectMethodHandle$Holder.invokeStatic(java.lang.Object, int, java.lang.Object, java.lang.Object, java.lang.Object, java.lang.Object)'> (0x000000071134f148) 
thrown [t:/workspace/open/src/hotspot/share/interpreter/linkResolver.cpp, line 767]
Event: 0.318 Thread 0x0000025bed6dc800 Exception <a 'java/lang/NoSuchMethodError'{0x0000000711355aa8}: 'java.lang.Object java.lang.invoke.DirectMethodHandle$Holder.invokeStatic(java.lang.Object, int, java.lang.Object, java.lang.Object, java.lang.Object)'> (0x0000000711355aa8) 
thrown [t:/workspace/open/src/hotspot/share/interpreter/linkResolver.cpp, line 767]
Event: 0.318 Thread 0x0000025bed6dc800 Exception <a 'java/lang/NoSuchMethodError'{0x0000000711359310}: 'java.lang.Object java.lang.invoke.DirectMethodHandle$Holder.invokeSpecial(java.lang.Object, java.lang.Object, int, java.lang.Object, java.lang.Object, java.lang.Object)'> (0x0000000711359310) 
thrown [t:/workspace/open/src/hotspot/share/interpreter/linkResolver.cpp, line 767]
Event: 0.321 Thread 0x0000025bed6dc800 Exception <a 'java/lang/NoSuchMethodError'{0x000000071136f638}: 'java.lang.Object java.lang.invoke.DirectMethodHandle$Holder.invokeStatic(java.lang.Object, int, java.lang.Object)'> (0x000000071136f638) 
thrown [t:/workspace/open/src/hotspot/share/interpreter/linkResolver.cpp, line 767]
Event: 0.340 Thread 0x0000025bed6dc800 Exception <a 'java/lang/ClassNotFoundException'{0x0000000711213210}: com/sun/swing/internal/plaf/metal/resources/spi/metalProvider> (0x0000000711213210) 
thrown [t:/workspace/open/src/hotspot/share/classfile/systemDictionary.cpp, line 232]
Event: 0.341 Thread 0x0000025bed6dc800 Exception <a 'java/lang/ClassNotFoundException'{0x00000007112172d8}: com/sun/swing/internal/plaf/basic/resources/spi/basicProvider> (0x00000007112172d8) 
thrown [t:/workspace/open/src/hotspot/share/classfile/systemDictionary.cpp, line 232]
Event: 0.587 Thread 0x0000025bed6dc800 Exception <a 'java/lang/NoSuchMethodError'{0x0000000710c048c8}: 'void java.lang.invoke.DirectMethodHandle$Holder.invokeStaticInit(java.lang.Object)'> (0x0000000710c048c8) 
thrown [t:/workspace/open/src/hotspot/share/interpreter/linkResolver.cpp, line 767]
Event: 0.596 Thread 0x0000025bed6dc800 Exception <a 'java/io/FileNotFoundException'{0x0000000710c11b90}> (0x0000000710c11b90) 
thrown [t:/workspace/open/src/hotspot/share/prims/jni.cpp, line 598]
Event: 0.596 Thread 0x0000025bed6dc800 Exception <a 'java/lang/NullPointerException'{0x0000000710c12478}> (0x0000000710c12478) 
thrown [t:/workspace/open/src/hotspot/share/interpreter/linkResolver.cpp, line 1349]
Event: 0.617 Thread 0x0000025bed6dc800 Exception <a 'java/lang/NoSuchMethodError'{0x0000000710c60798}: 'java.lang.Object java.lang.invoke.Invokers$Holder.linkToTargetMethod(java.lang.Object, int, java.lang.Object)'> (0x0000000710c60798) 
thrown [t:/workspace/open/src/hotspot/share/interpreter/linkResolver.cpp, line 767]
Event: 1803.299 Thread 0x0000025b94018000 Exception <a 'java/lang/NoSuchMethodError'{0x00000007101b9e38}: 'void java.lang.invoke.DirectMethodHandle$Holder.invokeVirtual(java.lang.Object, java.lang.Object)'> (0x00000007101b9e38) 
thrown [t:/workspace/open/src/hotspot/share/interpreter/linkResolver.cpp, line 767]

Events (20 events):
Event: 1.964 Executing VM operation: RevokeBias done
Event: 1.967 loading class sun/java2d/pipe/ShapeSpanIterator
Event: 1.967 loading class sun/java2d/pipe/SpanIterator
Event: 1.967 loading class sun/java2d/pipe/SpanIterator done
Event: 1.967 loading class sun/awt/geom/PathConsumer2D
Event: 1.967 loading class sun/awt/geom/PathConsumer2D done
Event: 1.967 loading class sun/java2d/pipe/ShapeSpanIterator done
Event: 2.254 Loaded shared library C:\Program Files\Java\jdk-13\bin\java.dll
Event: 2.255 Loaded shared library C:\Program Files\Java\jdk-13\bin\java.dll
Event: 2.257 Loaded shared library C:\Program Files\Java\jdk-13\bin\java.dll
Event: 2.258 Loaded shared library C:\Program Files\Java\jdk-13\bin\java.dll
Event: 5.533 Executing VM operation: RevokeBias
Event: 5.533 Executing VM operation: RevokeBias done
Event: 5.533 Thread 0x0000025b93f2e000 Thread exited: 0x0000025b93f2e000
Event: 1803.297 loading class java/util/WeakHashMap$KeyIterator
Event: 1803.297 loading class java/util/WeakHashMap$HashIterator
Event: 1803.298 loading class java/util/WeakHashMap$HashIterator done
Event: 1803.298 loading class java/util/WeakHashMap$KeyIterator done
Event: 1803.299 Executing VM operation: RevokeBias
Event: 1803.299 Executing VM operation: RevokeBias done


Dynamic libraries:
0x00007ff7897f0000 - 0x00007ff7897ff000 	C:\Program Files\Java\jdk-13\bin\javaw.exe
0x00007fff5f7c0000 - 0x00007fff5f9ad000 	C:\Windows\SYSTEM32\ntdll.dll
0x00007fff5f390000 - 0x00007fff5f443000 	C:\Windows\System32\KERNEL32.DLL
0x00007fff5b970000 - 0x00007fff5bc03000 	C:\Windows\System32\KERNELBASE.dll
0x00007fff5c8e0000 - 0x00007fff5c9da000 	C:\Windows\System32\ucrtbase.dll
0x00007fff32b80000 - 0x00007fff32b98000 	C:\Program Files\Java\jdk-13\bin\jli.dll
0x00007fff25f50000 - 0x00007fff25f65000 	C:\Program Files\Java\jdk-13\bin\VCRUNTIME140.dll
0x00007fff5ca40000 - 0x00007fff5cae3000 	C:\Windows\System32\ADVAPI32.dll
0x00007fff5f5b0000 - 0x00007fff5f64e000 	C:\Windows\System32\msvcrt.dll
0x00007fff5d6a0000 - 0x00007fff5d73e000 	C:\Windows\System32\sechost.dll
0x00007fff5dcd0000 - 0x00007fff5ddf2000 	C:\Windows\System32\RPCRT4.dll
0x00007fff5cfa0000 - 0x00007fff5d137000 	C:\Windows\System32\USER32.dll
0x00007fff5c600000 - 0x00007fff5c620000 	C:\Windows\System32\win32u.dll
0x00007fff5d140000 - 0x00007fff5d169000 	C:\Windows\System32\GDI32.dll
0x00007fff5c430000 - 0x00007fff5c5c9000 	C:\Windows\System32\gdi32full.dll
0x00007fff4dc00000 - 0x00007fff4de79000 	C:\Windows\WinSxS\amd64_microsoft.windows.common-controls_6595b64144ccf1df_6.0.17763.914_none_05b346b2072102f2\COMCTL32.dll
0x00007fff5b8d0000 - 0x00007fff5b970000 	C:\Windows\System32\msvcp_win.dll
0x00007fff5d840000 - 0x00007fff5db6c000 	C:\Windows\System32\combase.dll
0x00007fff5c680000 - 0x00007fff5c6fe000 	C:\Windows\System32\bcryptPrimitives.dll
0x00007fff51450000 - 0x00007fff5145a000 	C:\Windows\SYSTEM32\VERSION.dll
0x00007fff5caf0000 - 0x00007fff5cb1e000 	C:\Windows\System32\IMM32.DLL
0x00007fff246a0000 - 0x00007fff2473b000 	C:\Program Files\Java\jdk-13\bin\msvcp140.dll
0x00007fff18130000 - 0x00007fff18c96000 	C:\Program Files\Java\jdk-13\bin\server\jvm.dll
0x00007fff5de60000 - 0x00007fff5de68000 	C:\Windows\System32\PSAPI.DLL
0x00007fff59240000 - 0x00007fff59264000 	C:\Windows\SYSTEM32\WINMM.dll
0x00007fff4b560000 - 0x00007fff4b569000 	C:\Windows\SYSTEM32\WSOCK32.dll
0x00007fff5d7d0000 - 0x00007fff5d83d000 	C:\Windows\System32\WS2_32.dll
0x00007fff591e0000 - 0x00007fff5920d000 	C:\Windows\SYSTEM32\winmmbase.dll
0x00007fff5b880000 - 0x00007fff5b8ca000 	C:\Windows\System32\cfgmgr32.dll
0x00007fff5b830000 - 0x00007fff5b841000 	C:\Windows\System32\kernel.appcore.dll
0x00007fff565f0000 - 0x00007fff56600000 	C:\Program Files\Java\jdk-13\bin\verify.dll
0x00007fff5a150000 - 0x00007fff5a33d000 	C:\Windows\SYSTEM32\DBGHELP.DLL
0x00007fff47230000 - 0x00007fff4725a000 	C:\Windows\SYSTEM32\dbgcore.DLL
0x00007fff55500000 - 0x00007fff55526000 	C:\Program Files\Java\jdk-13\bin\java.dll
0x00007fff55140000 - 0x00007fff55157000 	C:\Program Files\Java\jdk-13\bin\zip.dll
0x00007fff565e0000 - 0x00007fff565ea000 	C:\Program Files\Java\jdk-13\bin\jimage.dll
0x00007fff5de90000 - 0x00007fff5f384000 	C:\Windows\System32\SHELL32.dll
0x00007fff5f450000 - 0x00007fff5f4f8000 	C:\Windows\System32\shcore.dll
0x00007fff5bce0000 - 0x00007fff5c42d000 	C:\Windows\System32\windows.storage.dll
0x00007fff5b850000 - 0x00007fff5b874000 	C:\Windows\System32\profapi.dll
0x00007fff5b7b0000 - 0x00007fff5b80d000 	C:\Windows\System32\powrprof.dll
0x00007fff5c9e0000 - 0x00007fff5ca32000 	C:\Windows\System32\shlwapi.dll
0x00007fff5bc10000 - 0x00007fff5bc27000 	C:\Windows\System32\cryptsp.dll
0x00007fff23620000 - 0x00007fff237b9000 	C:\Program Files\Java\jdk-13\bin\awt.dll
0x00007fff5f6b0000 - 0x00007fff5f774000 	C:\Windows\System32\OLEAUT32.dll
0x00007fff585c0000 - 0x00007fff58b7e000 	C:\Windows\SYSTEM32\d2d1.dll
0x00007fff596a0000 - 0x00007fff5972c000 	C:\Windows\SYSTEM32\apphelp.dll
0x00007fff59ac0000 - 0x00007fff59aee000 	C:\Windows\system32\DWMAPI.DLL
0x00007fff5c700000 - 0x00007fff5c8db000 	C:\Windows\System32\CRYPT32.dll
0x00007fff5b810000 - 0x00007fff5b822000 	C:\Windows\System32\MSASN1.dll
0x00007fff599d0000 - 0x00007fff59a6c000 	C:\Windows\system32\uxtheme.dll
0x00007fff3ba90000 - 0x00007fff3bbb7000 	C:\Windows\system32\opengl32.dll
0x00007fff53430000 - 0x00007fff5345c000 	C:\Windows\SYSTEM32\GLU32.dll
0x00007fff5d320000 - 0x00007fff5d48c000 	C:\Windows\System32\MSCTF.dll
0x00007fff5db70000 - 0x00007fff5dcc5000 	C:\Windows\System32\ole32.dll
0x00007fff25f20000 - 0x00007fff25f4d000 	C:\Program Files\Java\jdk-13\bin\javajpeg.dll
0x00007fff24500000 - 0x00007fff24582000 	C:\Program Files\Java\jdk-13\bin\freetype.dll
0x00007fff23570000 - 0x00007fff23616000 	C:\Program Files\Java\jdk-13\bin\fontmanager.dll
0x00007fff5f500000 - 0x00007fff5f5a2000 	C:\Windows\System32\clbcatq.dll
0x00007fff56120000 - 0x00007fff562d8000 	C:\Windows\SYSTEM32\WindowsCodecs.dll
0x00007fff42070000 - 0x00007fff420c6000 	C:\Windows\system32\dataexchange.dll
0x00007fff58b80000 - 0x00007fff58d43000 	C:\Windows\system32\dcomp.dll
0x00007fff58340000 - 0x00007fff585be000 	C:\Windows\system32\d3d11.dll
0x00007fff5a5b0000 - 0x00007fff5a672000 	C:\Windows\system32\dxgi.dll
0x00007fff59ba0000 - 0x00007fff59dad000 	C:\Windows\system32\twinapi.appcore.dll
0x00007fff59db0000 - 0x00007fff59dd8000 	C:\Windows\system32\RMCLIENT.dll
0x00007fff55120000 - 0x00007fff55139000 	C:\Program Files\Java\jdk-13\bin\net.dll
0x00007fff4f3b0000 - 0x00007fff4f4a2000 	C:\Windows\SYSTEM32\WINHTTP.dll
0x00007fff4d2a0000 - 0x00007fff4d477000 	C:\Windows\SYSTEM32\urlmon.dll
0x00007fff4cc70000 - 0x00007fff4cf18000 	C:\Windows\SYSTEM32\iertutil.dll
0x00007fff5b1f0000 - 0x00007fff5b1fc000 	C:\Windows\SYSTEM32\CRYPTBASE.DLL
0x00007fff5b020000 - 0x00007fff5b087000 	C:\Windows\system32\mswsock.dll
0x00007fff4ec40000 - 0x00007fff4ec53000 	C:\Program Files\Java\jdk-13\bin\nio.dll
0x00007fff4e1e0000 - 0x00007fff4e275000 	C:\Windows\System32\TextInputFramework.dll
0x00007fff590f0000 - 0x00007fff591d2000 	C:\Windows\System32\CoreMessaging.dll
0x00007fff56a40000 - 0x00007fff56d62000 	C:\Windows\System32\CoreUIComponents.dll
0x00007fff57100000 - 0x00007fff57253000 	C:\Windows\SYSTEM32\wintypes.dll
0x00007fff5a820000 - 0x00007fff5a851000 	C:\Windows\SYSTEM32\ntmarta.dll
0x00007fff12510000 - 0x00007fff125df000 	C:\Windows\System32\IME\IMEKR\imkrtip.dll
0x00007fff59460000 - 0x00007fff59609000 	C:\Windows\SYSTEM32\PROPSYS.dll
0x00007fff123d0000 - 0x00007fff12508000 	C:\Windows\System32\IME\shared\imetip.dll
0x00007fff42280000 - 0x00007fff42435000 	C:\Windows\SYSTEM32\DUI70.dll
0x00007fff4f9b0000 - 0x00007fff4fa1c000 	C:\Windows\SYSTEM32\OLEACC.dll
0x00007fff1c4b0000 - 0x00007fff1c4ee000 	C:\Windows\System32\IME\IMEKR\imkrapi.dll
0x00007fff1b680000 - 0x00007fff1b6bf000 	C:\Windows\System32\IME\shared\imjkapi.dll

dbghelp: loaded successfully - version: 4.0.5 - missing functions: none
symbol engine: initialized successfully - sym options: 0x614 - pdb path: .;C:\Program Files\Java\jdk-13\bin;C:\Windows\SYSTEM32;C:\Windows\WinSxS\amd64_microsoft.windows.common-controls_6595b64144ccf1df_6.0.17763.914_none_05b346b2072102f2;C:\Program Files\Java\jdk-13\bin\server;C:\Windows\System32\IME\IMEKR;C:\Windows\System32\IME\shared

VM Arguments:
jvm_args: -Dfile.encoding=MS949 
java_command: Main
java_class_path (initial): C:\Users\parkwoojin\eclipse-workspace\HealthCareProject\bin
Launcher Type: SUN_STANDARD

[Global flags]
     intx CICompilerCount                          = 4                                         {product} {ergonomic}
     uint ConcGCThreads                            = 2                                         {product} {ergonomic}
     uint G1ConcRefinementThreads                  = 8                                         {product} {ergonomic}
   size_t G1HeapRegionSize                         = 1048576                                   {product} {ergonomic}
    uintx GCDrainStackTargetSize                   = 64                                        {product} {ergonomic}
   size_t InitialHeapSize                          = 268435456                                 {product} {ergonomic}
   size_t MarkStackSize                            = 4194304                                   {product} {ergonomic}
   size_t MaxHeapSize                              = 4271898624                                {product} {ergonomic}
   size_t MaxNewSize                               = 2562719744                                {product} {ergonomic}
   size_t MinHeapDeltaBytes                        = 1048576                                   {product} {ergonomic}
   size_t MinHeapSize                              = 8388608                                   {product} {ergonomic}
    uintx NonNMethodCodeHeapSize                   = 5836300                                {pd product} {ergonomic}
    uintx NonProfiledCodeHeapSize                  = 122910970                              {pd product} {ergonomic}
    uintx ProfiledCodeHeapSize                     = 122910970                              {pd product} {ergonomic}
    uintx ReservedCodeCacheSize                    = 251658240                              {pd product} {ergonomic}
     bool SegmentedCodeCache                       = true                                      {product} {ergonomic}
   size_t SoftMaxHeapSize                          = 4271898624                             {manageable} {ergonomic}
     bool UseCompressedClassPointers               = true                                 {lp64_product} {ergonomic}
     bool UseCompressedOops                        = true                                 {lp64_product} {ergonomic}
     bool UseG1GC                                  = true                                      {product} {ergonomic}
     bool UseLargePagesIndividualAllocation        = false                                  {pd product} {ergonomic}

Logging:
Log output configuration:
 #0: stdout all=warning uptime,level,tags
 #1: stderr all=off uptime,level,tags

Environment Variables:
PATH=C:/Program Files/Java/jdk-13/bin/server;C:/Program Files/Java/jdk-13/bin;C:\Program Files (x86)\Intel\iCLS Client\;C:\Program Files\Intel\iCLS Client\;C:\Windows\system32;C:\Windows;C:\Windows\System32\Wbem;C:\Windows\System32\WindowsPowerShell\v1.0\;C:\Windows\System32\OpenSSH\;C:\Program Files (x86)\Intel\Intel(R) Management Engine Components\DAL;C:\Program Files\Intel\Intel(R) Management Engine Components\DAL;C:\Program Files (x86)\Intel\Intel(R) Management Engine Components\IPT;C:\Program Files\Intel\Intel(R) Management Engine Components\IPT;C:\Program Files (x86)\NVIDIA Corporation\PhysX\Common;C:\Program Files\Intel\WiFi\bin\;C:\Program Files\Common Files\Intel\WirelessCommon\;C:\Program Files\Git\cmd;C:\Program Files\TortoiseGit\bin;C:\Program Files\MySQL\MySQL Shell 8.0\bin\;C:\Users\parkwoojin\AppData\Local\Microsoft\WindowsApps;C:\Program Files\Intel\WiFi\bin\;C:\Program Files\Common Files\Intel\WirelessCommon\;C:\Users\parkwoojin\AppData\Local\Programs\Microsoft VS Code\bin;;C:\Windows\System32;
USERNAME=parkwoojin
OS=Windows_NT
PROCESSOR_IDENTIFIER=Intel64 Family 6 Model 142 Stepping 10, GenuineIntel



---------------  S Y S T E M  ---------------

OS: Windows 10 , 64 bit Build 17763 (10.0.17763.475)

CPU:total 8 (initial active 8) (4 cores per cpu, 2 threads per core) family 6 model 142 stepping 10, cmov, cx8, fxsr, mmx, sse, sse2, sse3, ssse3, sse4.1, sse4.2, popcnt, avx, avx2, aes, clmul, erms, 3dnowpref, lzcnt, ht, tsc, tscinvbit, bmi1, bmi2, adx, fma

Memory: 4k page, system-wide physical 16293M (6510M free)
TotalPageFile size 46100M (AvailPageFile size 0M)
current process WorkingSet (physical memory assigned to process): 85M, peak: 115M
current process commit charge ("private bytes"): 361M, peak: 393M

vm_info: Java HotSpot(TM) 64-Bit Server VM (13+33) for windows-amd64 JRE (13+33), built on Sep 18 2019 21:38:00 by "mach5one" with unknown MS VC++:1916

END.
