#
# There is insufficient memory for the Java Runtime Environment to continue.
# Native memory allocation (malloc) failed to allocate 32744 bytes for ChunkPool::allocate
# Possible reasons:
#   The system is out of physical RAM or swap space
#   The process is running with CompressedOops enabled, and the Java Heap may be blocking the growth of the native heap
# Possible solutions:
#   Reduce memory load on the system
#   Increase physical memory or swap space
#   Check if swap backing store is full
#   Decrease Java heap size (-Xmx/-Xms)
#   Decrease number of Java threads
#   Decrease Java thread stack sizes (-Xss)
#   Set larger code cache with -XX:ReservedCodeCacheSize=
#   JVM is running with Zero Based Compressed Oops mode in which the Java heap is
#     placed in the first 32GB address space. The Java Heap base address is the
#     maximum limit for the native heap growth. Please use -XX:HeapBaseMinAddress
#     to set the Java Heap base and to place the Java Heap above 32GB virtual address.
# This output file may be truncated or incomplete.
#
#  Out of Memory Error (t:/workspace/open/src/hotspot/share/memory/arena.cpp:80), pid=25380, tid=14812
#
# JRE version: Java(TM) SE Runtime Environment (13.0+33) (build 13+33)
# Java VM: Java HotSpot(TM) 64-Bit Server VM (13+33, mixed mode, sharing, tiered, compressed oops, g1 gc, windows-amd64)
# No core dump will be written. Minidumps are not enabled by default on client versions of Windows
#

---------------  S U M M A R Y ------------

Command Line: -Dfile.encoding=MS949 Main

Host: Intel(R) Core(TM) i7-8550U CPU @ 1.80GHz, 8 cores, 15G,  Windows 10 , 64 bit Build 17763 (10.0.17763.475)
Time: Fri Dec 27 15:34:11 2019 ¢¥eCN©öI¡¾©ö C¡ÍA¨ª¨öA elapsed time: 15163 seconds (0d 4h 12m 43s)

---------------  T H R E A D  ---------------

Current thread (0x000002684ad27800):  JavaThread "AWT-Windows" daemon [_thread_in_vm, id=14812, stack(0x000000d7d4900000,0x000000d7d4a00000)]

Stack: [0x000000d7d4900000,0x000000d7d4a00000]
Native frames: (J=compiled Java code, j=interpreted, Vv=VM code, C=native code)
V  [jvm.dll+0x626eaa]
V  [jvm.dll+0x772c4a]
V  [jvm.dll+0x7743ff]
V  [jvm.dll+0x774a03]
V  [jvm.dll+0x24da38]
V  [jvm.dll+0xc3d16]
V  [jvm.dll+0xc406c]
V  [jvm.dll+0x37be55]
V  [jvm.dll+0x37b48f]
C  0x000002682ea1e558

Java frames: (J=compiled Java code, j=interpreted, Vv=VM code)
j  sun.awt.windows.WToolkit$$Lambda$126.<init>()V+1 java.desktop@13
v  ~StubRoutines::call_stub
j  jdk.internal.reflect.NativeConstructorAccessorImpl.newInstance0(Ljava/lang/reflect/Constructor;[Ljava/lang/Object;)Ljava/lang/Object;+0 java.base@13
j  jdk.internal.reflect.NativeConstructorAccessorImpl.newInstance([Ljava/lang/Object;)Ljava/lang/Object;+85 java.base@13
j  jdk.internal.reflect.DelegatingConstructorAccessorImpl.newInstance([Ljava/lang/Object;)Ljava/lang/Object;+5 java.base@13
j  java.lang.reflect.Constructor.newInstanceWithCaller([Ljava/lang/Object;ZLjava/lang/Class;)Ljava/lang/Object;+65 java.base@13
j  java.lang.reflect.Constructor.newInstance([Ljava/lang/Object;)Ljava/lang/Object;+30 java.base@13
j  java.lang.invoke.InnerClassLambdaMetafactory.buildCallSite()Ljava/lang/invoke/CallSite;+84 java.base@13
j  java.lang.invoke.LambdaMetafactory.metafactory(Ljava/lang/invoke/MethodHandles$Lookup;Ljava/lang/String;Ljava/lang/invoke/MethodType;Ljava/lang/invoke/MethodType;Ljava/lang/invoke/MethodHandle;Ljava/lang/invoke/MethodType;)Ljava/lang/invoke/CallSite;+31 java.base@13
j  java.lang.invoke.DirectMethodHandle$Holder.invokeStatic(Ljava/lang/Object;Ljava/lang/Object;Ljava/lang/Object;Ljava/lang/Object;Ljava/lang/Object;Ljava/lang/Object;Ljava/lang/Object;)Ljava/lang/Object;+20 java.base@13
j  java.lang.invoke.Invokers$Holder.invokeExact_MT(Ljava/lang/Object;Ljava/lang/Object;Ljava/lang/Object;Ljava/lang/Object;Ljava/lang/Object;Ljava/lang/Object;Ljava/lang/Object;Ljava/lang/Object;)Ljava/lang/Object;+28 java.base@13
j  java.lang.invoke.BootstrapMethodInvoker.invoke(Ljava/lang/Class;Ljava/lang/invoke/MethodHandle;Ljava/lang/String;Ljava/lang/Object;Ljava/lang/Object;Ljava/lang/Class;)Ljava/lang/Object;+262 java.base@13
j  java.lang.invoke.CallSite.makeSite(Ljava/lang/invoke/MethodHandle;Ljava/lang/String;Ljava/lang/invoke/MethodType;Ljava/lang/Object;Ljava/lang/Class;)Ljava/lang/invoke/CallSite;+8 java.base@13
j  java.lang.invoke.MethodHandleNatives.linkCallSiteImpl(Ljava/lang/Class;Ljava/lang/invoke/MethodHandle;Ljava/lang/String;Ljava/lang/invoke/MethodType;Ljava/lang/Object;[Ljava/lang/Object;)Ljava/lang/invoke/MemberName;+6 java.base@13
j  java.lang.invoke.MethodHandleNatives.linkCallSite(Ljava/lang/Object;ILjava/lang/Object;Ljava/lang/Object;Ljava/lang/Object;Ljava/lang/Object;[Ljava/lang/Object;)Ljava/lang/invoke/MemberName;+46 java.base@13
v  ~StubRoutines::call_stub
j  sun.awt.windows.WToolkit.displayChanged()V+0 java.desktop@13
v  ~StubRoutines::call_stub
j  sun.awt.windows.WToolkit.eventLoop()V+0 java.desktop@13
j  sun.awt.windows.WToolkit.run()V+50 java.desktop@13
j  java.lang.Thread.run()V+11 java.base@13
v  ~StubRoutines::call_stub

---------------  P R O C E S S  ---------------

Threads class SMR info:
_java_thread_list=0x000002684ce83d90, length=15, elements={
0x000002684a113000, 0x000002684a117000, 0x000002684a9bb000, 0x000002684a9bd800,
0x000002684a9bf000, 0x000002684a9c4800, 0x000002684a9d0000, 0x000002684ab02000,
0x000002684ab0d000, 0x000002684ad15800, 0x000002684ad54000, 0x000002684ad27800,
0x000002684af57800, 0x00000268264ff800, 0x000002684cd15000
}

Java Threads: ( => current thread )
  0x000002684a113000 JavaThread "Reference Handler" daemon [_thread_blocked, id=18924, stack(0x000000d7d3d00000,0x000000d7d3e00000)]
  0x000002684a117000 JavaThread "Finalizer" daemon [_thread_blocked, id=18820, stack(0x000000d7d3e00000,0x000000d7d3f00000)]
  0x000002684a9bb000 JavaThread "Signal Dispatcher" daemon [_thread_blocked, id=27004, stack(0x000000d7d3f00000,0x000000d7d4000000)]
  0x000002684a9bd800 JavaThread "Attach Listener" daemon [_thread_blocked, id=12732, stack(0x000000d7d4000000,0x000000d7d4100000)]
  0x000002684a9bf000 JavaThread "C2 CompilerThread0" daemon [_thread_blocked, id=26688, stack(0x000000d7d4100000,0x000000d7d4200000)]
  0x000002684a9c4800 JavaThread "C1 CompilerThread0" daemon [_thread_in_native, id=20968, stack(0x000000d7d4200000,0x000000d7d4300000)]
  0x000002684a9d0000 JavaThread "Sweeper thread" daemon [_thread_blocked, id=19588, stack(0x000000d7d4300000,0x000000d7d4400000)]
  0x000002684ab02000 JavaThread "Service Thread" daemon [_thread_blocked, id=13356, stack(0x000000d7d4400000,0x000000d7d4500000)]
  0x000002684ab0d000 JavaThread "Common-Cleaner" daemon [_thread_blocked, id=21672, stack(0x000000d7d4600000,0x000000d7d4700000)]
  0x000002684ad15800 JavaThread "Java2D Disposer" daemon [_thread_blocked, id=8480, stack(0x000000d7d4700000,0x000000d7d4800000)]
  0x000002684ad54000 JavaThread "AWT-Shutdown" [_thread_blocked, id=1312, stack(0x000000d7d4800000,0x000000d7d4900000)]
=>0x000002684ad27800 JavaThread "AWT-Windows" daemon [_thread_in_vm, id=14812, stack(0x000000d7d4900000,0x000000d7d4a00000)]
  0x000002684af57800 JavaThread "AWT-EventQueue-0" [_thread_blocked, id=17024, stack(0x000000d7d4c00000,0x000000d7d4d00000)]
  0x00000268264ff800 JavaThread "DestroyJavaVM" [_thread_blocked, id=6748, stack(0x000000d7d3600000,0x000000d7d3700000)]
  0x000002684cd15000 JavaThread "TimerQueue" daemon [_thread_blocked, id=23640, stack(0x000000d7d5100000,0x000000d7d5200000)]

Other Threads:
  0x000002684a110800 VMThread "VM Thread" [stack: 0x000000d7d3c00000,0x000000d7d3d00000] [id=3468] _threads_hazard_ptr=0x000002684ce83d90
  0x000002684ab03800 WatcherThread [stack: 0x000000d7d4500000,0x000000d7d4600000] [id=14196]
  0x0000026826567000 GCTaskThread "GC Thread#0" [stack: 0x000000d7d3700000,0x000000d7d3800000] [id=8708]
  0x000002682658a800 ConcurrentGCThread "G1 Main Marker" [stack: 0x000000d7d3800000,0x000000d7d3900000] [id=12220]
  0x000002682658b800 ConcurrentGCThread "G1 Conc#0" [stack: 0x000000d7d3900000,0x000000d7d3a00000] [id=9336]
  0x000002684a00c800 ConcurrentGCThread "G1 Refine#0" [stack: 0x000000d7d3a00000,0x000000d7d3b00000] [id=23784]
  0x000002684a00e800 ConcurrentGCThread "G1 Young RemSet Sampling" [stack: 0x000000d7d3b00000,0x000000d7d3c00000] [id=30356]

Threads with active compile tasks:
C1 CompilerThread0  15163331 1290       3       java.lang.invoke.MethodHandles$Lookup::checkSecurityManager (104 bytes)

VM state:synchronizing (normal execution)

VM Mutex/Monitor currently owned by a thread:  ([mutex/lock_event])
[0x00000268264f9750] Threads_lock - owner thread: 0x000002684a110800

Heap address: 0x0000000701600000, size: 4074 MB, Compressed Oops mode: Zero based, Oop shift amount: 3
Narrow klass base: 0x0000000800000000, Narrow klass shift: 3
Compressed class space size: 1073741824 Address: 0x0000000800b40000

Heap:
 garbage-first heap   total 262144K, used 28672K [0x0000000701600000, 0x0000000800000000)
  region size 1024K, 21 young (21504K), 0 survivors (0K)
 Metaspace       used 9422K, capacity 9654K, committed 9728K, reserved 1058816K
  class space    used 1114K, capacity 1238K, committed 1280K, reserved 1048576K
Heap Regions: E=young(eden), S=young(survivor), O=old, HS=humongous(starts), HC=humongous(continues), CS=collection set, F=free, A=archive, TAMS=top-at-mark-start (previous, next)
|   0|0x0000000701600000, 0x0000000701700000, 0x0000000701700000|100%|HS|  |TAMS 0x0000000701600000, 0x0000000701600000| Complete 
|   1|0x0000000701700000, 0x0000000701800000, 0x0000000701800000|100%|HC|  |TAMS 0x0000000701700000, 0x0000000701700000| Complete 
|   2|0x0000000701800000, 0x0000000701900000, 0x0000000701900000|100%|HC|  |TAMS 0x0000000701800000, 0x0000000701800000| Complete 
|   3|0x0000000701900000, 0x0000000701a00000, 0x0000000701a00000|100%|HC|  |TAMS 0x0000000701900000, 0x0000000701900000| Complete 
|   4|0x0000000701a00000, 0x0000000701b00000, 0x0000000701b00000|100%|HC|  |TAMS 0x0000000701a00000, 0x0000000701a00000| Complete 
|   5|0x0000000701b00000, 0x0000000701c00000, 0x0000000701c00000|100%|HS|  |TAMS 0x0000000701b00000, 0x0000000701b00000| Complete 
|   6|0x0000000701c00000, 0x0000000701d00000, 0x0000000701d00000|100%|HS|  |TAMS 0x0000000701c00000, 0x0000000701c00000| Complete 
|   7|0x0000000701d00000, 0x0000000701e00000, 0x0000000701e00000|100%|HS|  |TAMS 0x0000000701d00000, 0x0000000701d00000| Complete 
|   8|0x0000000701e00000, 0x0000000701f00000, 0x0000000701f00000|100%|HS|  |TAMS 0x0000000701e00000, 0x0000000701e00000| Complete 
|   9|0x0000000701f00000, 0x0000000701f00000, 0x0000000702000000|  0%| F|  |TAMS 0x0000000701f00000, 0x0000000701f00000| Untracked 
|  10|0x0000000702000000, 0x0000000702000000, 0x0000000702100000|  0%| F|  |TAMS 0x0000000702000000, 0x0000000702000000| Untracked 
|  11|0x0000000702100000, 0x0000000702100000, 0x0000000702200000|  0%| F|  |TAMS 0x0000000702100000, 0x0000000702100000| Untracked 
|  12|0x0000000702200000, 0x0000000702200000, 0x0000000702300000|  0%| F|  |TAMS 0x0000000702200000, 0x0000000702200000| Untracked 
|  13|0x0000000702300000, 0x0000000702300000, 0x0000000702400000|  0%| F|  |TAMS 0x0000000702300000, 0x0000000702300000| Untracked 
|  14|0x0000000702400000, 0x0000000702400000, 0x0000000702500000|  0%| F|  |TAMS 0x0000000702400000, 0x0000000702400000| Untracked 
|  15|0x0000000702500000, 0x0000000702500000, 0x0000000702600000|  0%| F|  |TAMS 0x0000000702500000, 0x0000000702500000| Untracked 
|  16|0x0000000702600000, 0x0000000702600000, 0x0000000702700000|  0%| F|  |TAMS 0x0000000702600000, 0x0000000702600000| Untracked 
|  17|0x0000000702700000, 0x0000000702700000, 0x0000000702800000|  0%| F|  |TAMS 0x0000000702700000, 0x0000000702700000| Untracked 
|  18|0x0000000702800000, 0x0000000702800000, 0x0000000702900000|  0%| F|  |TAMS 0x0000000702800000, 0x0000000702800000| Untracked 
|  19|0x0000000702900000, 0x0000000702900000, 0x0000000702a00000|  0%| F|  |TAMS 0x0000000702900000, 0x0000000702900000| Untracked 
|  20|0x0000000702a00000, 0x0000000702a00000, 0x0000000702b00000|  0%| F|  |TAMS 0x0000000702a00000, 0x0000000702a00000| Untracked 
|  21|0x0000000702b00000, 0x0000000702b00000, 0x0000000702c00000|  0%| F|  |TAMS 0x0000000702b00000, 0x0000000702b00000| Untracked 
|  22|0x0000000702c00000, 0x0000000702c00000, 0x0000000702d00000|  0%| F|  |TAMS 0x0000000702c00000, 0x0000000702c00000| Untracked 
|  23|0x0000000702d00000, 0x0000000702d00000, 0x0000000702e00000|  0%| F|  |TAMS 0x0000000702d00000, 0x0000000702d00000| Untracked 
|  24|0x0000000702e00000, 0x0000000702e00000, 0x0000000702f00000|  0%| F|  |TAMS 0x0000000702e00000, 0x0000000702e00000| Untracked 
|  25|0x0000000702f00000, 0x0000000702f00000, 0x0000000703000000|  0%| F|  |TAMS 0x0000000702f00000, 0x0000000702f00000| Untracked 
|  26|0x0000000703000000, 0x0000000703000000, 0x0000000703100000|  0%| F|  |TAMS 0x0000000703000000, 0x0000000703000000| Untracked 
|  27|0x0000000703100000, 0x0000000703100000, 0x0000000703200000|  0%| F|  |TAMS 0x0000000703100000, 0x0000000703100000| Untracked 
|  28|0x0000000703200000, 0x0000000703200000, 0x0000000703300000|  0%| F|  |TAMS 0x0000000703200000, 0x0000000703200000| Untracked 
|  29|0x0000000703300000, 0x0000000703300000, 0x0000000703400000|  0%| F|  |TAMS 0x0000000703300000, 0x0000000703300000| Untracked 
|  30|0x0000000703400000, 0x0000000703400000, 0x0000000703500000|  0%| F|  |TAMS 0x0000000703400000, 0x0000000703400000| Untracked 
|  31|0x0000000703500000, 0x0000000703500000, 0x0000000703600000|  0%| F|  |TAMS 0x0000000703500000, 0x0000000703500000| Untracked 
|  32|0x0000000703600000, 0x0000000703600000, 0x0000000703700000|  0%| F|  |TAMS 0x0000000703600000, 0x0000000703600000| Untracked 
|  33|0x0000000703700000, 0x0000000703700000, 0x0000000703800000|  0%| F|  |TAMS 0x0000000703700000, 0x0000000703700000| Untracked 
|  34|0x0000000703800000, 0x0000000703800000, 0x0000000703900000|  0%| F|  |TAMS 0x0000000703800000, 0x0000000703800000| Untracked 
|  35|0x0000000703900000, 0x0000000703900000, 0x0000000703a00000|  0%| F|  |TAMS 0x0000000703900000, 0x0000000703900000| Untracked 
|  36|0x0000000703a00000, 0x0000000703a00000, 0x0000000703b00000|  0%| F|  |TAMS 0x0000000703a00000, 0x0000000703a00000| Untracked 
|  37|0x0000000703b00000, 0x0000000703b00000, 0x0000000703c00000|  0%| F|  |TAMS 0x0000000703b00000, 0x0000000703b00000| Untracked 
|  38|0x0000000703c00000, 0x0000000703c00000, 0x0000000703d00000|  0%| F|  |TAMS 0x0000000703c00000, 0x0000000703c00000| Untracked 
|  39|0x0000000703d00000, 0x0000000703d00000, 0x0000000703e00000|  0%| F|  |TAMS 0x0000000703d00000, 0x0000000703d00000| Untracked 
|  40|0x0000000703e00000, 0x0000000703e00000, 0x0000000703f00000|  0%| F|  |TAMS 0x0000000703e00000, 0x0000000703e00000| Untracked 
|  41|0x0000000703f00000, 0x0000000703f00000, 0x0000000704000000|  0%| F|  |TAMS 0x0000000703f00000, 0x0000000703f00000| Untracked 
|  42|0x0000000704000000, 0x0000000704000000, 0x0000000704100000|  0%| F|  |TAMS 0x0000000704000000, 0x0000000704000000| Untracked 
|  43|0x0000000704100000, 0x0000000704100000, 0x0000000704200000|  0%| F|  |TAMS 0x0000000704100000, 0x0000000704100000| Untracked 
|  44|0x0000000704200000, 0x0000000704200000, 0x0000000704300000|  0%| F|  |TAMS 0x0000000704200000, 0x0000000704200000| Untracked 
|  45|0x0000000704300000, 0x0000000704300000, 0x0000000704400000|  0%| F|  |TAMS 0x0000000704300000, 0x0000000704300000| Untracked 
|  46|0x0000000704400000, 0x0000000704400000, 0x0000000704500000|  0%| F|  |TAMS 0x0000000704400000, 0x0000000704400000| Untracked 
|  47|0x0000000704500000, 0x0000000704500000, 0x0000000704600000|  0%| F|  |TAMS 0x0000000704500000, 0x0000000704500000| Untracked 
|  48|0x0000000704600000, 0x0000000704600000, 0x0000000704700000|  0%| F|  |TAMS 0x0000000704600000, 0x0000000704600000| Untracked 
|  49|0x0000000704700000, 0x0000000704700000, 0x0000000704800000|  0%| F|  |TAMS 0x0000000704700000, 0x0000000704700000| Untracked 
|  50|0x0000000704800000, 0x0000000704800000, 0x0000000704900000|  0%| F|  |TAMS 0x0000000704800000, 0x0000000704800000| Untracked 
|  51|0x0000000704900000, 0x0000000704900000, 0x0000000704a00000|  0%| F|  |TAMS 0x0000000704900000, 0x0000000704900000| Untracked 
|  52|0x0000000704a00000, 0x0000000704a00000, 0x0000000704b00000|  0%| F|  |TAMS 0x0000000704a00000, 0x0000000704a00000| Untracked 
|  53|0x0000000704b00000, 0x0000000704b00000, 0x0000000704c00000|  0%| F|  |TAMS 0x0000000704b00000, 0x0000000704b00000| Untracked 
|  54|0x0000000704c00000, 0x0000000704c00000, 0x0000000704d00000|  0%| F|  |TAMS 0x0000000704c00000, 0x0000000704c00000| Untracked 
|  55|0x0000000704d00000, 0x0000000704d00000, 0x0000000704e00000|  0%| F|  |TAMS 0x0000000704d00000, 0x0000000704d00000| Untracked 
|  56|0x0000000704e00000, 0x0000000704e00000, 0x0000000704f00000|  0%| F|  |TAMS 0x0000000704e00000, 0x0000000704e00000| Untracked 
|  57|0x0000000704f00000, 0x0000000704f00000, 0x0000000705000000|  0%| F|  |TAMS 0x0000000704f00000, 0x0000000704f00000| Untracked 
|  58|0x0000000705000000, 0x0000000705000000, 0x0000000705100000|  0%| F|  |TAMS 0x0000000705000000, 0x0000000705000000| Untracked 
|  59|0x0000000705100000, 0x0000000705100000, 0x0000000705200000|  0%| F|  |TAMS 0x0000000705100000, 0x0000000705100000| Untracked 
|  60|0x0000000705200000, 0x0000000705200000, 0x0000000705300000|  0%| F|  |TAMS 0x0000000705200000, 0x0000000705200000| Untracked 
|  61|0x0000000705300000, 0x0000000705300000, 0x0000000705400000|  0%| F|  |TAMS 0x0000000705300000, 0x0000000705300000| Untracked 
|  62|0x0000000705400000, 0x0000000705400000, 0x0000000705500000|  0%| F|  |TAMS 0x0000000705400000, 0x0000000705400000| Untracked 
|  63|0x0000000705500000, 0x0000000705500000, 0x0000000705600000|  0%| F|  |TAMS 0x0000000705500000, 0x0000000705500000| Untracked 
|  64|0x0000000705600000, 0x0000000705600000, 0x0000000705700000|  0%| F|  |TAMS 0x0000000705600000, 0x0000000705600000| Untracked 
|  65|0x0000000705700000, 0x0000000705700000, 0x0000000705800000|  0%| F|  |TAMS 0x0000000705700000, 0x0000000705700000| Untracked 
|  66|0x0000000705800000, 0x0000000705800000, 0x0000000705900000|  0%| F|  |TAMS 0x0000000705800000, 0x0000000705800000| Untracked 
|  67|0x0000000705900000, 0x0000000705900000, 0x0000000705a00000|  0%| F|  |TAMS 0x0000000705900000, 0x0000000705900000| Untracked 
|  68|0x0000000705a00000, 0x0000000705a00000, 0x0000000705b00000|  0%| F|  |TAMS 0x0000000705a00000, 0x0000000705a00000| Untracked 
|  69|0x0000000705b00000, 0x0000000705b00000, 0x0000000705c00000|  0%| F|  |TAMS 0x0000000705b00000, 0x0000000705b00000| Untracked 
|  70|0x0000000705c00000, 0x0000000705c00000, 0x0000000705d00000|  0%| F|  |TAMS 0x0000000705c00000, 0x0000000705c00000| Untracked 
|  71|0x0000000705d00000, 0x0000000705d00000, 0x0000000705e00000|  0%| F|  |TAMS 0x0000000705d00000, 0x0000000705d00000| Untracked 
|  72|0x0000000705e00000, 0x0000000705e00000, 0x0000000705f00000|  0%| F|  |TAMS 0x0000000705e00000, 0x0000000705e00000| Untracked 
|  73|0x0000000705f00000, 0x0000000705f00000, 0x0000000706000000|  0%| F|  |TAMS 0x0000000705f00000, 0x0000000705f00000| Untracked 
|  74|0x0000000706000000, 0x0000000706000000, 0x0000000706100000|  0%| F|  |TAMS 0x0000000706000000, 0x0000000706000000| Untracked 
|  75|0x0000000706100000, 0x0000000706100000, 0x0000000706200000|  0%| F|  |TAMS 0x0000000706100000, 0x0000000706100000| Untracked 
|  76|0x0000000706200000, 0x0000000706200000, 0x0000000706300000|  0%| F|  |TAMS 0x0000000706200000, 0x0000000706200000| Untracked 
|  77|0x0000000706300000, 0x0000000706300000, 0x0000000706400000|  0%| F|  |TAMS 0x0000000706300000, 0x0000000706300000| Untracked 
|  78|0x0000000706400000, 0x0000000706400000, 0x0000000706500000|  0%| F|  |TAMS 0x0000000706400000, 0x0000000706400000| Untracked 
|  79|0x0000000706500000, 0x0000000706500000, 0x0000000706600000|  0%| F|  |TAMS 0x0000000706500000, 0x0000000706500000| Untracked 
|  80|0x0000000706600000, 0x0000000706600000, 0x0000000706700000|  0%| F|  |TAMS 0x0000000706600000, 0x0000000706600000| Untracked 
|  81|0x0000000706700000, 0x0000000706700000, 0x0000000706800000|  0%| F|  |TAMS 0x0000000706700000, 0x0000000706700000| Untracked 
|  82|0x0000000706800000, 0x0000000706800000, 0x0000000706900000|  0%| F|  |TAMS 0x0000000706800000, 0x0000000706800000| Untracked 
|  83|0x0000000706900000, 0x0000000706900000, 0x0000000706a00000|  0%| F|  |TAMS 0x0000000706900000, 0x0000000706900000| Untracked 
|  84|0x0000000706a00000, 0x0000000706a00000, 0x0000000706b00000|  0%| F|  |TAMS 0x0000000706a00000, 0x0000000706a00000| Untracked 
|  85|0x0000000706b00000, 0x0000000706b00000, 0x0000000706c00000|  0%| F|  |TAMS 0x0000000706b00000, 0x0000000706b00000| Untracked 
|  86|0x0000000706c00000, 0x0000000706c00000, 0x0000000706d00000|  0%| F|  |TAMS 0x0000000706c00000, 0x0000000706c00000| Untracked 
|  87|0x0000000706d00000, 0x0000000706d00000, 0x0000000706e00000|  0%| F|  |TAMS 0x0000000706d00000, 0x0000000706d00000| Untracked 
|  88|0x0000000706e00000, 0x0000000706e00000, 0x0000000706f00000|  0%| F|  |TAMS 0x0000000706e00000, 0x0000000706e00000| Untracked 
|  89|0x0000000706f00000, 0x0000000706f00000, 0x0000000707000000|  0%| F|  |TAMS 0x0000000706f00000, 0x0000000706f00000| Untracked 
|  90|0x0000000707000000, 0x0000000707000000, 0x0000000707100000|  0%| F|  |TAMS 0x0000000707000000, 0x0000000707000000| Untracked 
|  91|0x0000000707100000, 0x0000000707100000, 0x0000000707200000|  0%| F|  |TAMS 0x0000000707100000, 0x0000000707100000| Untracked 
|  92|0x0000000707200000, 0x0000000707200000, 0x0000000707300000|  0%| F|  |TAMS 0x0000000707200000, 0x0000000707200000| Untracked 
|  93|0x0000000707300000, 0x0000000707300000, 0x0000000707400000|  0%| F|  |TAMS 0x0000000707300000, 0x0000000707300000| Untracked 
|  94|0x0000000707400000, 0x0000000707400000, 0x0000000707500000|  0%| F|  |TAMS 0x0000000707400000, 0x0000000707400000| Untracked 
|  95|0x0000000707500000, 0x0000000707500000, 0x0000000707600000|  0%| F|  |TAMS 0x0000000707500000, 0x0000000707500000| Untracked 
|  96|0x0000000707600000, 0x0000000707600000, 0x0000000707700000|  0%| F|  |TAMS 0x0000000707600000, 0x0000000707600000| Untracked 
|  97|0x0000000707700000, 0x0000000707700000, 0x0000000707800000|  0%| F|  |TAMS 0x0000000707700000, 0x0000000707700000| Untracked 
|  98|0x0000000707800000, 0x0000000707800000, 0x0000000707900000|  0%| F|  |TAMS 0x0000000707800000, 0x0000000707800000| Untracked 
|  99|0x0000000707900000, 0x0000000707900000, 0x0000000707a00000|  0%| F|  |TAMS 0x0000000707900000, 0x0000000707900000| Untracked 
| 100|0x0000000707a00000, 0x0000000707a00000, 0x0000000707b00000|  0%| F|  |TAMS 0x0000000707a00000, 0x0000000707a00000| Untracked 
| 101|0x0000000707b00000, 0x0000000707b00000, 0x0000000707c00000|  0%| F|  |TAMS 0x0000000707b00000, 0x0000000707b00000| Untracked 
| 102|0x0000000707c00000, 0x0000000707c00000, 0x0000000707d00000|  0%| F|  |TAMS 0x0000000707c00000, 0x0000000707c00000| Untracked 
| 103|0x0000000707d00000, 0x0000000707d00000, 0x0000000707e00000|  0%| F|  |TAMS 0x0000000707d00000, 0x0000000707d00000| Untracked 
| 104|0x0000000707e00000, 0x0000000707e00000, 0x0000000707f00000|  0%| F|  |TAMS 0x0000000707e00000, 0x0000000707e00000| Untracked 
| 105|0x0000000707f00000, 0x0000000707f00000, 0x0000000708000000|  0%| F|  |TAMS 0x0000000707f00000, 0x0000000707f00000| Untracked 
| 106|0x0000000708000000, 0x0000000708000000, 0x0000000708100000|  0%| F|  |TAMS 0x0000000708000000, 0x0000000708000000| Untracked 
| 107|0x0000000708100000, 0x0000000708100000, 0x0000000708200000|  0%| F|  |TAMS 0x0000000708100000, 0x0000000708100000| Untracked 
| 108|0x0000000708200000, 0x0000000708200000, 0x0000000708300000|  0%| F|  |TAMS 0x0000000708200000, 0x0000000708200000| Untracked 
| 109|0x0000000708300000, 0x0000000708300000, 0x0000000708400000|  0%| F|  |TAMS 0x0000000708300000, 0x0000000708300000| Untracked 
| 110|0x0000000708400000, 0x0000000708400000, 0x0000000708500000|  0%| F|  |TAMS 0x0000000708400000, 0x0000000708400000| Untracked 
| 111|0x0000000708500000, 0x0000000708500000, 0x0000000708600000|  0%| F|  |TAMS 0x0000000708500000, 0x0000000708500000| Untracked 
| 112|0x0000000708600000, 0x0000000708600000, 0x0000000708700000|  0%| F|  |TAMS 0x0000000708600000, 0x0000000708600000| Untracked 
| 113|0x0000000708700000, 0x0000000708700000, 0x0000000708800000|  0%| F|  |TAMS 0x0000000708700000, 0x0000000708700000| Untracked 
| 114|0x0000000708800000, 0x0000000708800000, 0x0000000708900000|  0%| F|  |TAMS 0x0000000708800000, 0x0000000708800000| Untracked 
| 115|0x0000000708900000, 0x0000000708900000, 0x0000000708a00000|  0%| F|  |TAMS 0x0000000708900000, 0x0000000708900000| Untracked 
| 116|0x0000000708a00000, 0x0000000708a00000, 0x0000000708b00000|  0%| F|  |TAMS 0x0000000708a00000, 0x0000000708a00000| Untracked 
| 117|0x0000000708b00000, 0x0000000708b00000, 0x0000000708c00000|  0%| F|  |TAMS 0x0000000708b00000, 0x0000000708b00000| Untracked 
| 118|0x0000000708c00000, 0x0000000708c00000, 0x0000000708d00000|  0%| F|  |TAMS 0x0000000708c00000, 0x0000000708c00000| Untracked 
| 119|0x0000000708d00000, 0x0000000708d00000, 0x0000000708e00000|  0%| F|  |TAMS 0x0000000708d00000, 0x0000000708d00000| Untracked 
| 120|0x0000000708e00000, 0x0000000708e00000, 0x0000000708f00000|  0%| F|  |TAMS 0x0000000708e00000, 0x0000000708e00000| Untracked 
| 121|0x0000000708f00000, 0x0000000708f00000, 0x0000000709000000|  0%| F|  |TAMS 0x0000000708f00000, 0x0000000708f00000| Untracked 
| 122|0x0000000709000000, 0x0000000709000000, 0x0000000709100000|  0%| F|  |TAMS 0x0000000709000000, 0x0000000709000000| Untracked 
| 123|0x0000000709100000, 0x0000000709100000, 0x0000000709200000|  0%| F|  |TAMS 0x0000000709100000, 0x0000000709100000| Untracked 
| 124|0x0000000709200000, 0x0000000709200000, 0x0000000709300000|  0%| F|  |TAMS 0x0000000709200000, 0x0000000709200000| Untracked 
| 125|0x0000000709300000, 0x0000000709300000, 0x0000000709400000|  0%| F|  |TAMS 0x0000000709300000, 0x0000000709300000| Untracked 
| 126|0x0000000709400000, 0x0000000709400000, 0x0000000709500000|  0%| F|  |TAMS 0x0000000709400000, 0x0000000709400000| Untracked 
| 127|0x0000000709500000, 0x0000000709500000, 0x0000000709600000|  0%| F|  |TAMS 0x0000000709500000, 0x0000000709500000| Untracked 
| 128|0x0000000709600000, 0x0000000709600000, 0x0000000709700000|  0%| F|  |TAMS 0x0000000709600000, 0x0000000709600000| Untracked 
| 129|0x0000000709700000, 0x0000000709700000, 0x0000000709800000|  0%| F|  |TAMS 0x0000000709700000, 0x0000000709700000| Untracked 
| 130|0x0000000709800000, 0x0000000709800000, 0x0000000709900000|  0%| F|  |TAMS 0x0000000709800000, 0x0000000709800000| Untracked 
| 131|0x0000000709900000, 0x0000000709900000, 0x0000000709a00000|  0%| F|  |TAMS 0x0000000709900000, 0x0000000709900000| Untracked 
| 132|0x0000000709a00000, 0x0000000709a00000, 0x0000000709b00000|  0%| F|  |TAMS 0x0000000709a00000, 0x0000000709a00000| Untracked 
| 133|0x0000000709b00000, 0x0000000709b00000, 0x0000000709c00000|  0%| F|  |TAMS 0x0000000709b00000, 0x0000000709b00000| Untracked 
| 134|0x0000000709c00000, 0x0000000709c00000, 0x0000000709d00000|  0%| F|  |TAMS 0x0000000709c00000, 0x0000000709c00000| Untracked 
| 135|0x0000000709d00000, 0x0000000709d00000, 0x0000000709e00000|  0%| F|  |TAMS 0x0000000709d00000, 0x0000000709d00000| Untracked 
| 136|0x0000000709e00000, 0x0000000709e00000, 0x0000000709f00000|  0%| F|  |TAMS 0x0000000709e00000, 0x0000000709e00000| Untracked 
| 137|0x0000000709f00000, 0x0000000709f00000, 0x000000070a000000|  0%| F|  |TAMS 0x0000000709f00000, 0x0000000709f00000| Untracked 
| 138|0x000000070a000000, 0x000000070a000000, 0x000000070a100000|  0%| F|  |TAMS 0x000000070a000000, 0x000000070a000000| Untracked 
| 139|0x000000070a100000, 0x000000070a100000, 0x000000070a200000|  0%| F|  |TAMS 0x000000070a100000, 0x000000070a100000| Untracked 
| 140|0x000000070a200000, 0x000000070a200000, 0x000000070a300000|  0%| F|  |TAMS 0x000000070a200000, 0x000000070a200000| Untracked 
| 141|0x000000070a300000, 0x000000070a300000, 0x000000070a400000|  0%| F|  |TAMS 0x000000070a300000, 0x000000070a300000| Untracked 
| 142|0x000000070a400000, 0x000000070a400000, 0x000000070a500000|  0%| F|  |TAMS 0x000000070a400000, 0x000000070a400000| Untracked 
| 143|0x000000070a500000, 0x000000070a500000, 0x000000070a600000|  0%| F|  |TAMS 0x000000070a500000, 0x000000070a500000| Untracked 
| 144|0x000000070a600000, 0x000000070a600000, 0x000000070a700000|  0%| F|  |TAMS 0x000000070a600000, 0x000000070a600000| Untracked 
| 145|0x000000070a700000, 0x000000070a700000, 0x000000070a800000|  0%| F|  |TAMS 0x000000070a700000, 0x000000070a700000| Untracked 
| 146|0x000000070a800000, 0x000000070a800000, 0x000000070a900000|  0%| F|  |TAMS 0x000000070a800000, 0x000000070a800000| Untracked 
| 147|0x000000070a900000, 0x000000070a900000, 0x000000070aa00000|  0%| F|  |TAMS 0x000000070a900000, 0x000000070a900000| Untracked 
| 148|0x000000070aa00000, 0x000000070aa00000, 0x000000070ab00000|  0%| F|  |TAMS 0x000000070aa00000, 0x000000070aa00000| Untracked 
| 149|0x000000070ab00000, 0x000000070ab00000, 0x000000070ac00000|  0%| F|  |TAMS 0x000000070ab00000, 0x000000070ab00000| Untracked 
| 150|0x000000070ac00000, 0x000000070ac00000, 0x000000070ad00000|  0%| F|  |TAMS 0x000000070ac00000, 0x000000070ac00000| Untracked 
| 151|0x000000070ad00000, 0x000000070ad00000, 0x000000070ae00000|  0%| F|  |TAMS 0x000000070ad00000, 0x000000070ad00000| Untracked 
| 152|0x000000070ae00000, 0x000000070ae00000, 0x000000070af00000|  0%| F|  |TAMS 0x000000070ae00000, 0x000000070ae00000| Untracked 
| 153|0x000000070af00000, 0x000000070af00000, 0x000000070b000000|  0%| F|  |TAMS 0x000000070af00000, 0x000000070af00000| Untracked 
| 154|0x000000070b000000, 0x000000070b000000, 0x000000070b100000|  0%| F|  |TAMS 0x000000070b000000, 0x000000070b000000| Untracked 
| 155|0x000000070b100000, 0x000000070b100000, 0x000000070b200000|  0%| F|  |TAMS 0x000000070b100000, 0x000000070b100000| Untracked 
| 156|0x000000070b200000, 0x000000070b200000, 0x000000070b300000|  0%| F|  |TAMS 0x000000070b200000, 0x000000070b200000| Untracked 
| 157|0x000000070b300000, 0x000000070b300000, 0x000000070b400000|  0%| F|  |TAMS 0x000000070b300000, 0x000000070b300000| Untracked 
| 158|0x000000070b400000, 0x000000070b400000, 0x000000070b500000|  0%| F|  |TAMS 0x000000070b400000, 0x000000070b400000| Untracked 
| 159|0x000000070b500000, 0x000000070b500000, 0x000000070b600000|  0%| F|  |TAMS 0x000000070b500000, 0x000000070b500000| Untracked 
| 160|0x000000070b600000, 0x000000070b600000, 0x000000070b700000|  0%| F|  |TAMS 0x000000070b600000, 0x000000070b600000| Untracked 
| 161|0x000000070b700000, 0x000000070b700000, 0x000000070b800000|  0%| F|  |TAMS 0x000000070b700000, 0x000000070b700000| Untracked 
| 162|0x000000070b800000, 0x000000070b800000, 0x000000070b900000|  0%| F|  |TAMS 0x000000070b800000, 0x000000070b800000| Untracked 
| 163|0x000000070b900000, 0x000000070b900000, 0x000000070ba00000|  0%| F|  |TAMS 0x000000070b900000, 0x000000070b900000| Untracked 
| 164|0x000000070ba00000, 0x000000070ba00000, 0x000000070bb00000|  0%| F|  |TAMS 0x000000070ba00000, 0x000000070ba00000| Untracked 
| 165|0x000000070bb00000, 0x000000070bb00000, 0x000000070bc00000|  0%| F|  |TAMS 0x000000070bb00000, 0x000000070bb00000| Untracked 
| 166|0x000000070bc00000, 0x000000070bc00000, 0x000000070bd00000|  0%| F|  |TAMS 0x000000070bc00000, 0x000000070bc00000| Untracked 
| 167|0x000000070bd00000, 0x000000070bd00000, 0x000000070be00000|  0%| F|  |TAMS 0x000000070bd00000, 0x000000070bd00000| Untracked 
| 168|0x000000070be00000, 0x000000070be00000, 0x000000070bf00000|  0%| F|  |TAMS 0x000000070be00000, 0x000000070be00000| Untracked 
| 169|0x000000070bf00000, 0x000000070bf00000, 0x000000070c000000|  0%| F|  |TAMS 0x000000070bf00000, 0x000000070bf00000| Untracked 
| 170|0x000000070c000000, 0x000000070c000000, 0x000000070c100000|  0%| F|  |TAMS 0x000000070c000000, 0x000000070c000000| Untracked 
| 171|0x000000070c100000, 0x000000070c100000, 0x000000070c200000|  0%| F|  |TAMS 0x000000070c100000, 0x000000070c100000| Untracked 
| 172|0x000000070c200000, 0x000000070c200000, 0x000000070c300000|  0%| F|  |TAMS 0x000000070c200000, 0x000000070c200000| Untracked 
| 173|0x000000070c300000, 0x000000070c300000, 0x000000070c400000|  0%| F|  |TAMS 0x000000070c300000, 0x000000070c300000| Untracked 
| 174|0x000000070c400000, 0x000000070c400000, 0x000000070c500000|  0%| F|  |TAMS 0x000000070c400000, 0x000000070c400000| Untracked 
| 175|0x000000070c500000, 0x000000070c500000, 0x000000070c600000|  0%| F|  |TAMS 0x000000070c500000, 0x000000070c500000| Untracked 
| 176|0x000000070c600000, 0x000000070c600000, 0x000000070c700000|  0%| F|  |TAMS 0x000000070c600000, 0x000000070c600000| Untracked 
| 177|0x000000070c700000, 0x000000070c700000, 0x000000070c800000|  0%| F|  |TAMS 0x000000070c700000, 0x000000070c700000| Untracked 
| 178|0x000000070c800000, 0x000000070c800000, 0x000000070c900000|  0%| F|  |TAMS 0x000000070c800000, 0x000000070c800000| Untracked 
| 179|0x000000070c900000, 0x000000070c900000, 0x000000070ca00000|  0%| F|  |TAMS 0x000000070c900000, 0x000000070c900000| Untracked 
| 180|0x000000070ca00000, 0x000000070ca00000, 0x000000070cb00000|  0%| F|  |TAMS 0x000000070ca00000, 0x000000070ca00000| Untracked 
| 181|0x000000070cb00000, 0x000000070cb00000, 0x000000070cc00000|  0%| F|  |TAMS 0x000000070cb00000, 0x000000070cb00000| Untracked 
| 182|0x000000070cc00000, 0x000000070cc00000, 0x000000070cd00000|  0%| F|  |TAMS 0x000000070cc00000, 0x000000070cc00000| Untracked 
| 183|0x000000070cd00000, 0x000000070cd00000, 0x000000070ce00000|  0%| F|  |TAMS 0x000000070cd00000, 0x000000070cd00000| Untracked 
| 184|0x000000070ce00000, 0x000000070ce00000, 0x000000070cf00000|  0%| F|  |TAMS 0x000000070ce00000, 0x000000070ce00000| Untracked 
| 185|0x000000070cf00000, 0x000000070cf00000, 0x000000070d000000|  0%| F|  |TAMS 0x000000070cf00000, 0x000000070cf00000| Untracked 
| 186|0x000000070d000000, 0x000000070d000000, 0x000000070d100000|  0%| F|  |TAMS 0x000000070d000000, 0x000000070d000000| Untracked 
| 187|0x000000070d100000, 0x000000070d100000, 0x000000070d200000|  0%| F|  |TAMS 0x000000070d100000, 0x000000070d100000| Untracked 
| 188|0x000000070d200000, 0x000000070d200000, 0x000000070d300000|  0%| F|  |TAMS 0x000000070d200000, 0x000000070d200000| Untracked 
| 189|0x000000070d300000, 0x000000070d300000, 0x000000070d400000|  0%| F|  |TAMS 0x000000070d300000, 0x000000070d300000| Untracked 
| 190|0x000000070d400000, 0x000000070d400000, 0x000000070d500000|  0%| F|  |TAMS 0x000000070d400000, 0x000000070d400000| Untracked 
| 191|0x000000070d500000, 0x000000070d500000, 0x000000070d600000|  0%| F|  |TAMS 0x000000070d500000, 0x000000070d500000| Untracked 
| 192|0x000000070d600000, 0x000000070d600000, 0x000000070d700000|  0%| F|  |TAMS 0x000000070d600000, 0x000000070d600000| Untracked 
| 193|0x000000070d700000, 0x000000070d700000, 0x000000070d800000|  0%| F|  |TAMS 0x000000070d700000, 0x000000070d700000| Untracked 
| 194|0x000000070d800000, 0x000000070d800000, 0x000000070d900000|  0%| F|  |TAMS 0x000000070d800000, 0x000000070d800000| Untracked 
| 195|0x000000070d900000, 0x000000070d900000, 0x000000070da00000|  0%| F|  |TAMS 0x000000070d900000, 0x000000070d900000| Untracked 
| 196|0x000000070da00000, 0x000000070da00000, 0x000000070db00000|  0%| F|  |TAMS 0x000000070da00000, 0x000000070da00000| Untracked 
| 197|0x000000070db00000, 0x000000070db00000, 0x000000070dc00000|  0%| F|  |TAMS 0x000000070db00000, 0x000000070db00000| Untracked 
| 198|0x000000070dc00000, 0x000000070dc00000, 0x000000070dd00000|  0%| F|  |TAMS 0x000000070dc00000, 0x000000070dc00000| Untracked 
| 199|0x000000070dd00000, 0x000000070dd00000, 0x000000070de00000|  0%| F|  |TAMS 0x000000070dd00000, 0x000000070dd00000| Untracked 
| 200|0x000000070de00000, 0x000000070de00000, 0x000000070df00000|  0%| F|  |TAMS 0x000000070de00000, 0x000000070de00000| Untracked 
| 201|0x000000070df00000, 0x000000070df00000, 0x000000070e000000|  0%| F|  |TAMS 0x000000070df00000, 0x000000070df00000| Untracked 
| 202|0x000000070e000000, 0x000000070e000000, 0x000000070e100000|  0%| F|  |TAMS 0x000000070e000000, 0x000000070e000000| Untracked 
| 203|0x000000070e100000, 0x000000070e100000, 0x000000070e200000|  0%| F|  |TAMS 0x000000070e100000, 0x000000070e100000| Untracked 
| 204|0x000000070e200000, 0x000000070e200000, 0x000000070e300000|  0%| F|  |TAMS 0x000000070e200000, 0x000000070e200000| Untracked 
| 205|0x000000070e300000, 0x000000070e300000, 0x000000070e400000|  0%| F|  |TAMS 0x000000070e300000, 0x000000070e300000| Untracked 
| 206|0x000000070e400000, 0x000000070e400000, 0x000000070e500000|  0%| F|  |TAMS 0x000000070e400000, 0x000000070e400000| Untracked 
| 207|0x000000070e500000, 0x000000070e500000, 0x000000070e600000|  0%| F|  |TAMS 0x000000070e500000, 0x000000070e500000| Untracked 
| 208|0x000000070e600000, 0x000000070e600000, 0x000000070e700000|  0%| F|  |TAMS 0x000000070e600000, 0x000000070e600000| Untracked 
| 209|0x000000070e700000, 0x000000070e700000, 0x000000070e800000|  0%| F|  |TAMS 0x000000070e700000, 0x000000070e700000| Untracked 
| 210|0x000000070e800000, 0x000000070e800000, 0x000000070e900000|  0%| F|  |TAMS 0x000000070e800000, 0x000000070e800000| Untracked 
| 211|0x000000070e900000, 0x000000070e900000, 0x000000070ea00000|  0%| F|  |TAMS 0x000000070e900000, 0x000000070e900000| Untracked 
| 212|0x000000070ea00000, 0x000000070ea00000, 0x000000070eb00000|  0%| F|  |TAMS 0x000000070ea00000, 0x000000070ea00000| Untracked 
| 213|0x000000070eb00000, 0x000000070eb00000, 0x000000070ec00000|  0%| F|  |TAMS 0x000000070eb00000, 0x000000070eb00000| Untracked 
| 214|0x000000070ec00000, 0x000000070ec00000, 0x000000070ed00000|  0%| F|  |TAMS 0x000000070ec00000, 0x000000070ec00000| Untracked 
| 215|0x000000070ed00000, 0x000000070ed00000, 0x000000070ee00000|  0%| F|  |TAMS 0x000000070ed00000, 0x000000070ed00000| Untracked 
| 216|0x000000070ee00000, 0x000000070ee00000, 0x000000070ef00000|  0%| F|  |TAMS 0x000000070ee00000, 0x000000070ee00000| Untracked 
| 217|0x000000070ef00000, 0x000000070ef00000, 0x000000070f000000|  0%| F|  |TAMS 0x000000070ef00000, 0x000000070ef00000| Untracked 
| 218|0x000000070f000000, 0x000000070f000000, 0x000000070f100000|  0%| F|  |TAMS 0x000000070f000000, 0x000000070f000000| Untracked 
| 219|0x000000070f100000, 0x000000070f100000, 0x000000070f200000|  0%| F|  |TAMS 0x000000070f100000, 0x000000070f100000| Untracked 
| 220|0x000000070f200000, 0x000000070f200000, 0x000000070f300000|  0%| F|  |TAMS 0x000000070f200000, 0x000000070f200000| Untracked 
| 221|0x000000070f300000, 0x000000070f300000, 0x000000070f400000|  0%| F|  |TAMS 0x000000070f300000, 0x000000070f300000| Untracked 
| 222|0x000000070f400000, 0x000000070f400000, 0x000000070f500000|  0%| F|  |TAMS 0x000000070f400000, 0x000000070f400000| Untracked 
| 223|0x000000070f500000, 0x000000070f500000, 0x000000070f600000|  0%| F|  |TAMS 0x000000070f500000, 0x000000070f500000| Untracked 
| 224|0x000000070f600000, 0x000000070f600000, 0x000000070f700000|  0%| F|  |TAMS 0x000000070f600000, 0x000000070f600000| Untracked 
| 225|0x000000070f700000, 0x000000070f700000, 0x000000070f800000|  0%| F|  |TAMS 0x000000070f700000, 0x000000070f700000| Untracked 
| 226|0x000000070f800000, 0x000000070f800000, 0x000000070f900000|  0%| F|  |TAMS 0x000000070f800000, 0x000000070f800000| Untracked 
| 227|0x000000070f900000, 0x000000070f900000, 0x000000070fa00000|  0%| F|  |TAMS 0x000000070f900000, 0x000000070f900000| Untracked 
| 228|0x000000070fa00000, 0x000000070fa00000, 0x000000070fb00000|  0%| F|  |TAMS 0x000000070fa00000, 0x000000070fa00000| Untracked 
| 229|0x000000070fb00000, 0x000000070fb00000, 0x000000070fc00000|  0%| F|  |TAMS 0x000000070fb00000, 0x000000070fb00000| Untracked 
| 230|0x000000070fc00000, 0x000000070fc00000, 0x000000070fd00000|  0%| F|  |TAMS 0x000000070fc00000, 0x000000070fc00000| Untracked 
| 231|0x000000070fd00000, 0x000000070fd00000, 0x000000070fe00000|  0%| F|  |TAMS 0x000000070fd00000, 0x000000070fd00000| Untracked 
| 232|0x000000070fe00000, 0x000000070fe00000, 0x000000070ff00000|  0%| F|  |TAMS 0x000000070fe00000, 0x000000070fe00000| Untracked 
| 233|0x000000070ff00000, 0x000000070ff00000, 0x0000000710000000|  0%| F|  |TAMS 0x000000070ff00000, 0x000000070ff00000| Untracked 
| 234|0x0000000710000000, 0x0000000710000000, 0x0000000710100000|  0%| F|  |TAMS 0x0000000710000000, 0x0000000710000000| Untracked 
| 235|0x0000000710100000, 0x00000007101f64f0, 0x0000000710200000| 96%| E|  |TAMS 0x0000000710100000, 0x0000000710100000| Complete 
| 236|0x0000000710200000, 0x0000000710300000, 0x0000000710300000|100%| E|CS|TAMS 0x0000000710200000, 0x0000000710200000| Complete 
| 237|0x0000000710300000, 0x0000000710400000, 0x0000000710400000|100%| E|CS|TAMS 0x0000000710300000, 0x0000000710300000| Complete 
| 238|0x0000000710400000, 0x0000000710500000, 0x0000000710500000|100%| E|CS|TAMS 0x0000000710400000, 0x0000000710400000| Complete 
| 239|0x0000000710500000, 0x0000000710600000, 0x0000000710600000|100%| E|CS|TAMS 0x0000000710500000, 0x0000000710500000| Complete 
| 240|0x0000000710600000, 0x0000000710700000, 0x0000000710700000|100%| E|CS|TAMS 0x0000000710600000, 0x0000000710600000| Complete 
| 241|0x0000000710700000, 0x0000000710800000, 0x0000000710800000|100%| E|CS|TAMS 0x0000000710700000, 0x0000000710700000| Complete 
| 242|0x0000000710800000, 0x0000000710900000, 0x0000000710900000|100%| E|CS|TAMS 0x0000000710800000, 0x0000000710800000| Complete 
| 243|0x0000000710900000, 0x0000000710a00000, 0x0000000710a00000|100%| E|CS|TAMS 0x0000000710900000, 0x0000000710900000| Complete 
| 244|0x0000000710a00000, 0x0000000710b00000, 0x0000000710b00000|100%| E|CS|TAMS 0x0000000710a00000, 0x0000000710a00000| Complete 
| 245|0x0000000710b00000, 0x0000000710c00000, 0x0000000710c00000|100%| E|CS|TAMS 0x0000000710b00000, 0x0000000710b00000| Complete 
| 246|0x0000000710c00000, 0x0000000710d00000, 0x0000000710d00000|100%| E|CS|TAMS 0x0000000710c00000, 0x0000000710c00000| Complete 
| 247|0x0000000710d00000, 0x0000000710e00000, 0x0000000710e00000|100%| E|CS|TAMS 0x0000000710d00000, 0x0000000710d00000| Complete 
| 248|0x0000000710e00000, 0x0000000710f00000, 0x0000000710f00000|100%| E|  |TAMS 0x0000000710e00000, 0x0000000710e00000| Complete 
| 249|0x0000000710f00000, 0x0000000711000000, 0x0000000711000000|100%| E|CS|TAMS 0x0000000710f00000, 0x0000000710f00000| Complete 
| 250|0x0000000711000000, 0x0000000711100000, 0x0000000711100000|100%| E|CS|TAMS 0x0000000711000000, 0x0000000711000000| Complete 
| 251|0x0000000711100000, 0x0000000711200000, 0x0000000711200000|100%| E|CS|TAMS 0x0000000711100000, 0x0000000711100000| Complete 
| 252|0x0000000711200000, 0x0000000711300000, 0x0000000711300000|100%| E|CS|TAMS 0x0000000711200000, 0x0000000711200000| Complete 
| 253|0x0000000711300000, 0x0000000711400000, 0x0000000711400000|100%| E|CS|TAMS 0x0000000711300000, 0x0000000711300000| Complete 
| 254|0x0000000711400000, 0x0000000711500000, 0x0000000711500000|100%| E|CS|TAMS 0x0000000711400000, 0x0000000711400000| Complete 
| 255|0x0000000711500000, 0x0000000711600000, 0x0000000711600000|100%| E|CS|TAMS 0x0000000711500000, 0x0000000711500000| Complete 

Card table byte_map: [0x000002683e640000,0x000002683ee40000] _byte_map_base: 0x000002683ae35000

Marking Bits (Prev, Next): (CMBitMap*) 0x0000026826568048, (CMBitMap*) 0x0000026826568088
 Prev Bits: [0x000002683f640000, 0x00000268435e8000)
 Next Bits: [0x00000268435f0000, 0x0000026847598000)

Polling page: 0x00000268243d0000

Metaspace:

Usage:
  Non-class:      8.22 MB capacity,     8.11 MB ( 99%) used,    87.81 KB (  1%) free+waste,    20.50 KB ( <1%) overhead. 
      Class:      1.21 MB capacity,     1.09 MB ( 90%) used,   110.93 KB (  9%) free+waste,    12.69 KB (  1%) overhead. 
       Both:      9.43 MB capacity,     9.20 MB ( 98%) used,   198.74 KB (  2%) free+waste,    33.19 KB ( <1%) overhead. 

Virtual space:
  Non-class space:       10.00 MB reserved,       8.25 MB ( 83%) committed 
      Class space:        1.00 GB reserved,       1.25 MB ( <1%) committed 
             Both:        1.01 GB reserved,       9.50 MB ( <1%) committed 

Chunk freelists:
   Non-Class:  32.00 KB
       Class:  10.00 KB
        Both:  42.00 KB

MaxMetaspaceSize: 17179869184.00 GB
CompressedClassSpaceSize: 1.00 GB

CodeHeap 'non-profiled nmethods': size=120000Kb used=502Kb max_used=515Kb free=119497Kb
 bounds [0x00000268364d0000, 0x0000026836740000, 0x000002683da00000]
CodeHeap 'profiled nmethods': size=120000Kb used=2139Kb max_used=2374Kb free=117860Kb
 bounds [0x000002682efa0000, 0x000002682f210000, 0x00000268364d0000]
CodeHeap 'non-nmethods': size=5760Kb used=1288Kb max_used=1346Kb free=4471Kb
 bounds [0x000002682ea00000, 0x000002682ec70000, 0x000002682efa0000]
 total_blobs=2391 nmethods=1167 adapters=482
 compilation: enabled
              stopped_count=0, restarted_count=0
 full_count=0

Compilation events (20 events):
Event: 2.892 Thread 0x000002684a9c4800 nmethod 1279 0x000002682f1ec010 code [0x000002682f1ec280, 0x000002682f1ed5d0]
Event: 808.648 Thread 0x000002684a9bf000 1280       4       java.util.concurrent.ConcurrentHashMap::get (162 bytes)
Event: 808.648 Thread 0x000002684a9c4800 1281       3       sun.invoke.util.VerifyAccess::isMemberAccessible (313 bytes)
Event: 808.653 Thread 0x000002684a9c4800 nmethod 1281 0x000002682f1ed890 code [0x000002682f1edd80, 0x000002682f1f0230]
Event: 808.653 Thread 0x000002684a9c4800 1282       3       java.beans.PropertyChangeSupport::firePropertyChange (35 bytes)
Event: 808.653 Thread 0x000002684a9c4800 nmethod 1282 0x000002682f1f0d10 code [0x000002682f1f0f20, 0x000002682f1f1770]
Event: 808.662 Thread 0x000002684a9bf000 nmethod 1280 0x0000026836508490 code [0x0000026836508660, 0x0000026836508db8]
Event: 808.775 Thread 0x000002684a9c4800 1283       3       java.awt.event.InvocationEvent::<init> (52 bytes)
Event: 808.775 Thread 0x000002684a9c4800 nmethod 1283 0x000002682efb8310 code [0x000002682efb84e0, 0x000002682efb88b0]
Event: 808.775 Thread 0x000002684a9c4800 1284   !   3       java.awt.Toolkit::setDesktopProperty (81 bytes)
Event: 808.776 Thread 0x000002684a9c4800 nmethod 1284 0x000002682f08f610 code [0x000002682f08f880, 0x000002682f090970]
Event: 808.776 Thread 0x000002684a9c4800 1285       3       java.awt.Color::equals (27 bytes)
Event: 808.776 Thread 0x000002684a9c4800 nmethod 1285 0x000002682efbd090 code [0x000002682efbd240, 0x000002682efbd7b8]
Event: 3487.266 Thread 0x000002684a9bf000 1286       4       java.util.HashMap::resize (356 bytes)
Event: 3487.288 Thread 0x000002684a9bf000 nmethod 1286 0x0000026836550f10 code [0x00000268365510e0, 0x0000026836551d38]
Event: 3487.427 Thread 0x000002684a9bf000 1287       4       java.lang.StringLatin1::compareTo (52 bytes)
Event: 3487.432 Thread 0x000002684a9bf000 nmethod 1287 0x00000268364ea210 code [0x00000268364ea3a0, 0x00000268364ea578]
Event: 14005.297 Thread 0x000002684a9c4800 1289       3       java.lang.ref.ReferenceQueue::reallyPoll (65 bytes)
Event: 14005.301 Thread 0x000002684a9c4800 nmethod 1289 0x000002682f079610 code [0x000002682f0797e0, 0x000002682f079d98]
Event: 15140.480 Thread 0x000002684a9c4800 1290       3       java.lang.invoke.MethodHandles$Lookup::checkSecurityManager (104 bytes)

GC Heap History (0 events):
No events

Deoptimization events (20 events):
Event: 0.581 Thread 0x00000268264ff800 Uncommon trap: trap_request=0xffffffde fr.pc=0x0000026836508cbc relative=0x0000000000000b1c
Event: 0.581 Thread 0x00000268264ff800 Uncommon trap: reason=class_check action=maybe_recompile pc=0x0000026836508cbc method=java.util.HashMap.putVal(ILjava/lang/Object;Ljava/lang/Object;ZZ)Ljava/lang/Object; @ 203 c2
Event: 0.581 Thread 0x00000268264ff800 DEOPT PACKING pc=0x0000026836508cbc sp=0x000000d7d36fe0f0
Event: 0.581 Thread 0x00000268264ff800 DEOPT UNPACKING pc=0x000002682ea4912f sp=0x000000d7d36fe090 mode 2
Event: 0.581 Thread 0x00000268264ff800 Uncommon trap: trap_request=0xffffffde fr.pc=0x0000026836508cbc relative=0x0000000000000b1c
Event: 0.581 Thread 0x00000268264ff800 Uncommon trap: reason=class_check action=maybe_recompile pc=0x0000026836508cbc method=java.util.HashMap.putVal(ILjava/lang/Object;Ljava/lang/Object;ZZ)Ljava/lang/Object; @ 203 c2
Event: 0.581 Thread 0x00000268264ff800 DEOPT PACKING pc=0x0000026836508cbc sp=0x000000d7d36fe0f0
Event: 0.581 Thread 0x00000268264ff800 DEOPT UNPACKING pc=0x000002682ea4912f sp=0x000000d7d36fe090 mode 2
Event: 0.594 Thread 0x00000268264ff800 Uncommon trap: trap_request=0xffffff45 fr.pc=0x000002683651a8ec relative=0x000000000000042c
Event: 0.594 Thread 0x00000268264ff800 Uncommon trap: reason=unstable_if action=reinterpret pc=0x000002683651a8ec method=java.lang.Character.isSurrogate(C)Z @ 3 c2
Event: 0.594 Thread 0x00000268264ff800 DEOPT PACKING pc=0x000002683651a8ec sp=0x000000d7d36fdd40
Event: 0.594 Thread 0x00000268264ff800 DEOPT UNPACKING pc=0x000002682ea4912f sp=0x000000d7d36fdc58 mode 2
Event: 0.644 Thread 0x00000268264ff800 Uncommon trap: trap_request=0xffffff45 fr.pc=0x000002683651f968 relative=0x00000000000000c8
Event: 0.644 Thread 0x00000268264ff800 Uncommon trap: reason=unstable_if action=reinterpret pc=0x000002683651f968 method=java.lang.ref.SoftReference.get()Ljava/lang/Object; @ 6 c2
Event: 0.644 Thread 0x00000268264ff800 DEOPT PACKING pc=0x000002683651f968 sp=0x000000d7d36fe630
Event: 0.644 Thread 0x00000268264ff800 DEOPT UNPACKING pc=0x000002682ea4912f sp=0x000000d7d36fe5e8 mode 2
Event: 0.647 Thread 0x00000268264ff800 Uncommon trap: trap_request=0xffffff45 fr.pc=0x0000026836515e5c relative=0x000000000000013c
Event: 0.647 Thread 0x00000268264ff800 Uncommon trap: reason=unstable_if action=reinterpret pc=0x0000026836515e5c method=sun.font.TrueTypeFont.getDirectoryEntry(I)Lsun/font/TrueTypeFont$DirectoryEntry; @ 7 c2
Event: 0.647 Thread 0x00000268264ff800 DEOPT PACKING pc=0x0000026836515e5c sp=0x000000d7d36fe490
Event: 0.647 Thread 0x00000268264ff800 DEOPT UNPACKING pc=0x000002682ea4912f sp=0x000000d7d36fe420 mode 2

Classes unloaded (0 events):
No events

Classes redefined (0 events):
No events

Internal exceptions (14 events):
Event: 0.078 Thread 0x00000268264ff800 Exception <a 'java/lang/ClassNotFoundException'{0x000000071140fb08}: sun/awt/resources/spi/awtProvider> (0x000000071140fb08) 
thrown [t:/workspace/open/src/hotspot/share/classfile/systemDictionary.cpp, line 232]
Event: 0.097 Thread 0x00000268264ff800 Exception <a 'java/io/FileNotFoundException'{0x000000071145d518}> (0x000000071145d518) 
thrown [t:/workspace/open/src/hotspot/share/prims/jni.cpp, line 598]
Event: 0.102 Thread 0x00000268264ff800 Exception <a 'java/io/FileNotFoundException'{0x0000000711483ff8}> (0x0000000711483ff8) 
thrown [t:/workspace/open/src/hotspot/share/prims/jni.cpp, line 598]
Event: 0.149 Thread 0x000002684ad27800 Exception <a 'java/lang/NoSuchMethodError'{0x00000007114fb3b0}: 'void java.lang.invoke.DirectMethodHandle$Holder.invokeSpecial(java.lang.Object, java.lang.Object)'> (0x00000007114fb3b0) 
thrown [t:/workspace/open/src/hotspot/share/interpreter/linkResolver.cpp, line 767]
Event: 0.177 Thread 0x00000268264ff800 Exception <a 'java/lang/NoSuchMethodError'{0x000000071134f148}: 'java.lang.Object java.lang.invoke.DirectMethodHandle$Holder.invokeStatic(java.lang.Object, int, java.lang.Object, java.lang.Object, java.lang.Object, java.lang.Object)'> (0x000000071134f148) 
thrown [t:/workspace/open/src/hotspot/share/interpreter/linkResolver.cpp, line 767]
Event: 0.177 Thread 0x00000268264ff800 Exception <a 'java/lang/NoSuchMethodError'{0x0000000711355aa8}: 'java.lang.Object java.lang.invoke.DirectMethodHandle$Holder.invokeStatic(java.lang.Object, int, java.lang.Object, java.lang.Object, java.lang.Object)'> (0x0000000711355aa8) 
thrown [t:/workspace/open/src/hotspot/share/interpreter/linkResolver.cpp, line 767]
Event: 0.177 Thread 0x00000268264ff800 Exception <a 'java/lang/NoSuchMethodError'{0x0000000711359310}: 'java.lang.Object java.lang.invoke.DirectMethodHandle$Holder.invokeSpecial(java.lang.Object, java.lang.Object, int, java.lang.Object, java.lang.Object, java.lang.Object)'> (0x0000000711359310) 
thrown [t:/workspace/open/src/hotspot/share/interpreter/linkResolver.cpp, line 767]
Event: 0.179 Thread 0x00000268264ff800 Exception <a 'java/lang/NoSuchMethodError'{0x000000071136f638}: 'java.lang.Object java.lang.invoke.DirectMethodHandle$Holder.invokeStatic(java.lang.Object, int, java.lang.Object)'> (0x000000071136f638) 
thrown [t:/workspace/open/src/hotspot/share/interpreter/linkResolver.cpp, line 767]
Event: 0.195 Thread 0x00000268264ff800 Exception <a 'java/lang/ClassNotFoundException'{0x0000000711213210}: com/sun/swing/internal/plaf/metal/resources/spi/metalProvider> (0x0000000711213210) 
thrown [t:/workspace/open/src/hotspot/share/classfile/systemDictionary.cpp, line 232]
Event: 0.195 Thread 0x00000268264ff800 Exception <a 'java/lang/ClassNotFoundException'{0x00000007112172d8}: com/sun/swing/internal/plaf/basic/resources/spi/basicProvider> (0x00000007112172d8) 
thrown [t:/workspace/open/src/hotspot/share/classfile/systemDictionary.cpp, line 232]
Event: 0.345 Thread 0x00000268264ff800 Exception <a 'java/lang/NoSuchMethodError'{0x0000000710c048c8}: 'void java.lang.invoke.DirectMethodHandle$Holder.invokeStaticInit(java.lang.Object)'> (0x0000000710c048c8) 
thrown [t:/workspace/open/src/hotspot/share/interpreter/linkResolver.cpp, line 767]
Event: 0.354 Thread 0x00000268264ff800 Exception <a 'java/io/FileNotFoundException'{0x0000000710c11b90}> (0x0000000710c11b90) 
thrown [t:/workspace/open/src/hotspot/share/prims/jni.cpp, line 598]
Event: 0.354 Thread 0x00000268264ff800 Exception <a 'java/lang/NullPointerException'{0x0000000710c12478}> (0x0000000710c12478) 
thrown [t:/workspace/open/src/hotspot/share/interpreter/linkResolver.cpp, line 1349]
Event: 0.367 Thread 0x00000268264ff800 Exception <a 'java/lang/NoSuchMethodError'{0x0000000710c60858}: 'java.lang.Object java.lang.invoke.Invokers$Holder.linkToTargetMethod(java.lang.Object, int, java.lang.Object)'> (0x0000000710c60858) 
thrown [t:/workspace/open/src/hotspot/share/interpreter/linkResolver.cpp, line 767]

Events (20 events):
Event: 808.663 Thread 0x000002684a9d0000 flushing nmethod 0x000002682f15a010
Event: 809.872 loading class java/awt/desktop/SystemSleepListener
Event: 809.872 loading class java/awt/desktop/SystemEventListener
Event: 809.872 loading class java/awt/desktop/SystemEventListener done
Event: 809.872 loading class java/awt/desktop/SystemSleepListener done
Event: 3487.288 Executing VM operation: HandshakeAllThreads
Event: 3487.288 Executing VM operation: HandshakeAllThreads done
Event: 3487.288 Thread 0x000002684a9d0000 flushing nmethod 0x000002682efa5590
Event: 3487.288 Thread 0x000002684a9d0000 flushing nmethod 0x000002682efc0610
Event: 3487.289 Thread 0x000002684a9d0000 flushing nmethod 0x000002682f080690
Event: 3487.289 Thread 0x000002684a9d0000 flushing nmethod 0x000002682f106410
Event: 3487.289 Thread 0x000002684a9d0000 flushing nmethod 0x000002682f117690
Event: 3487.289 Thread 0x000002684a9d0000 flushing nmethod 0x000002682f156690
Event: 3487.289 Thread 0x000002684a9d0000 flushing nmethod 0x000002682f162810
Event: 3487.289 Thread 0x000002684a9d0000 flushing nmethod 0x000002682f163590
Event: 3487.289 Thread 0x000002684a9d0000 flushing nmethod 0x000002682f173910
Event: 13285.277 Loaded shared library C:\Program Files\Java\jdk-13\bin\java.dll
Event: 13285.281 Loaded shared library C:\Program Files\Java\jdk-13\bin\java.dll
Event: 13285.285 Loaded shared library C:\Program Files\Java\jdk-13\bin\java.dll
Event: 13285.287 Loaded shared library C:\Program Files\Java\jdk-13\bin\java.dll


Dynamic libraries:
0x00007ff7897f0000 - 0x00007ff7897ff000 	C:\Program Files\Java\jdk-13\bin\javaw.exe
0x00007fff5f7c0000 - 0x00007fff5f9ad000 	C:\Windows\SYSTEM32\ntdll.dll
0x00007fff5f390000 - 0x00007fff5f443000 	C:\Windows\System32\KERNEL32.DLL
0x00007fff5b970000 - 0x00007fff5bc03000 	C:\Windows\System32\KERNELBASE.dll
0x00007fff5c8e0000 - 0x00007fff5c9da000 	C:\Windows\System32\ucrtbase.dll
0x00007fff25f50000 - 0x00007fff25f65000 	C:\Program Files\Java\jdk-13\bin\VCRUNTIME140.dll
0x00007fff32b80000 - 0x00007fff32b98000 	C:\Program Files\Java\jdk-13\bin\jli.dll
0x00007fff5ca40000 - 0x00007fff5cae3000 	C:\Windows\System32\ADVAPI32.dll
0x00007fff5f5b0000 - 0x00007fff5f64e000 	C:\Windows\System32\msvcrt.dll
0x00007fff5d6a0000 - 0x00007fff5d73e000 	C:\Windows\System32\sechost.dll
0x00007fff5dcd0000 - 0x00007fff5ddf2000 	C:\Windows\System32\RPCRT4.dll
0x00007fff5cfa0000 - 0x00007fff5d137000 	C:\Windows\System32\USER32.dll
0x00007fff5c600000 - 0x00007fff5c620000 	C:\Windows\System32\win32u.dll
0x00007fff5d140000 - 0x00007fff5d169000 	C:\Windows\System32\GDI32.dll
0x00007fff4dc00000 - 0x00007fff4de79000 	C:\Windows\WinSxS\amd64_microsoft.windows.common-controls_6595b64144ccf1df_6.0.17763.914_none_05b346b2072102f2\COMCTL32.dll
0x00007fff5c430000 - 0x00007fff5c5c9000 	C:\Windows\System32\gdi32full.dll
0x00007fff5d840000 - 0x00007fff5db6c000 	C:\Windows\System32\combase.dll
0x00007fff5b8d0000 - 0x00007fff5b970000 	C:\Windows\System32\msvcp_win.dll
0x00007fff5c680000 - 0x00007fff5c6fe000 	C:\Windows\System32\bcryptPrimitives.dll
0x00007fff51450000 - 0x00007fff5145a000 	C:\Windows\SYSTEM32\VERSION.dll
0x00007fff5caf0000 - 0x00007fff5cb1e000 	C:\Windows\System32\IMM32.DLL
0x00007fff246a0000 - 0x00007fff2473b000 	C:\Program Files\Java\jdk-13\bin\msvcp140.dll
0x00007fff18130000 - 0x00007fff18c96000 	C:\Program Files\Java\jdk-13\bin\server\jvm.dll
0x00007fff5de60000 - 0x00007fff5de68000 	C:\Windows\System32\PSAPI.DLL
0x00007fff59240000 - 0x00007fff59264000 	C:\Windows\SYSTEM32\WINMM.dll
0x00007fff4b560000 - 0x00007fff4b569000 	C:\Windows\SYSTEM32\WSOCK32.dll
0x00007fff5d7d0000 - 0x00007fff5d83d000 	C:\Windows\System32\WS2_32.dll
0x00007fff591e0000 - 0x00007fff5920d000 	C:\Windows\SYSTEM32\WINMMBASE.dll
0x00007fff5b880000 - 0x00007fff5b8ca000 	C:\Windows\System32\cfgmgr32.dll
0x00007fff5b830000 - 0x00007fff5b841000 	C:\Windows\System32\kernel.appcore.dll
0x00007fff565f0000 - 0x00007fff56600000 	C:\Program Files\Java\jdk-13\bin\verify.dll
0x00007fff5a150000 - 0x00007fff5a33d000 	C:\Windows\SYSTEM32\DBGHELP.DLL
0x00007fff47230000 - 0x00007fff4725a000 	C:\Windows\SYSTEM32\dbgcore.DLL
0x00007fff55500000 - 0x00007fff55526000 	C:\Program Files\Java\jdk-13\bin\java.dll
0x00007fff55140000 - 0x00007fff55157000 	C:\Program Files\Java\jdk-13\bin\zip.dll
0x00007fff565e0000 - 0x00007fff565ea000 	C:\Program Files\Java\jdk-13\bin\jimage.dll
0x00007fff5de90000 - 0x00007fff5f384000 	C:\Windows\System32\SHELL32.dll
0x00007fff5f450000 - 0x00007fff5f4f8000 	C:\Windows\System32\shcore.dll
0x00007fff5bce0000 - 0x00007fff5c42d000 	C:\Windows\System32\windows.storage.dll
0x00007fff5b850000 - 0x00007fff5b874000 	C:\Windows\System32\profapi.dll
0x00007fff5b7b0000 - 0x00007fff5b80d000 	C:\Windows\System32\powrprof.dll
0x00007fff5c9e0000 - 0x00007fff5ca32000 	C:\Windows\System32\shlwapi.dll
0x00007fff5bc10000 - 0x00007fff5bc27000 	C:\Windows\System32\cryptsp.dll
0x00007fff23620000 - 0x00007fff237b9000 	C:\Program Files\Java\jdk-13\bin\awt.dll
0x00007fff5f6b0000 - 0x00007fff5f774000 	C:\Windows\System32\OLEAUT32.dll
0x00007fff585c0000 - 0x00007fff58b7e000 	C:\Windows\SYSTEM32\d2d1.dll
0x00007fff596a0000 - 0x00007fff5972c000 	C:\Windows\SYSTEM32\apphelp.dll
0x00007fff59ac0000 - 0x00007fff59aee000 	C:\Windows\system32\DWMAPI.DLL
0x00007fff5c700000 - 0x00007fff5c8db000 	C:\Windows\System32\CRYPT32.dll
0x00007fff5b810000 - 0x00007fff5b822000 	C:\Windows\System32\MSASN1.dll
0x00007fff599d0000 - 0x00007fff59a6c000 	C:\Windows\system32\uxtheme.dll
0x00007fff3ba90000 - 0x00007fff3bbb7000 	C:\Windows\system32\opengl32.dll
0x00007fff53430000 - 0x00007fff5345c000 	C:\Windows\SYSTEM32\GLU32.dll
0x00007fff5d320000 - 0x00007fff5d48c000 	C:\Windows\System32\MSCTF.dll
0x00007fff5db70000 - 0x00007fff5dcc5000 	C:\Windows\System32\ole32.dll
0x00007fff25f20000 - 0x00007fff25f4d000 	C:\Program Files\Java\jdk-13\bin\javajpeg.dll
0x00007fff24500000 - 0x00007fff24582000 	C:\Program Files\Java\jdk-13\bin\freetype.dll
0x00007fff23570000 - 0x00007fff23616000 	C:\Program Files\Java\jdk-13\bin\fontmanager.dll
0x00007fff5f500000 - 0x00007fff5f5a2000 	C:\Windows\System32\clbcatq.dll
0x00007fff56120000 - 0x00007fff562d8000 	C:\Windows\SYSTEM32\WindowsCodecs.dll
0x00007fff42070000 - 0x00007fff420c6000 	C:\Windows\system32\dataexchange.dll
0x00007fff58340000 - 0x00007fff585be000 	C:\Windows\system32\d3d11.dll
0x00007fff58b80000 - 0x00007fff58d43000 	C:\Windows\system32\dcomp.dll
0x00007fff5a5b0000 - 0x00007fff5a672000 	C:\Windows\system32\dxgi.dll
0x00007fff59ba0000 - 0x00007fff59dad000 	C:\Windows\system32\twinapi.appcore.dll
0x00007fff59db0000 - 0x00007fff59dd8000 	C:\Windows\system32\RMCLIENT.dll
0x00007fff55120000 - 0x00007fff55139000 	C:\Program Files\Java\jdk-13\bin\net.dll
0x00007fff4f3b0000 - 0x00007fff4f4a2000 	C:\Windows\SYSTEM32\WINHTTP.dll
0x00007fff4d2a0000 - 0x00007fff4d477000 	C:\Windows\SYSTEM32\urlmon.dll
0x00007fff4cc70000 - 0x00007fff4cf18000 	C:\Windows\SYSTEM32\iertutil.dll
0x00007fff5b1f0000 - 0x00007fff5b1fc000 	C:\Windows\SYSTEM32\CRYPTBASE.DLL
0x00007fff5b020000 - 0x00007fff5b087000 	C:\Windows\system32\mswsock.dll
0x00007fff4ec40000 - 0x00007fff4ec53000 	C:\Program Files\Java\jdk-13\bin\nio.dll
0x00007fff4e1e0000 - 0x00007fff4e275000 	C:\Windows\System32\TextInputFramework.dll
0x00007fff56a40000 - 0x00007fff56d62000 	C:\Windows\System32\CoreUIComponents.dll
0x00007fff590f0000 - 0x00007fff591d2000 	C:\Windows\System32\CoreMessaging.dll
0x00007fff57100000 - 0x00007fff57253000 	C:\Windows\SYSTEM32\wintypes.dll
0x00007fff5a820000 - 0x00007fff5a851000 	C:\Windows\SYSTEM32\ntmarta.dll
0x00007fff12510000 - 0x00007fff125df000 	C:\Windows\System32\IME\IMEKR\imkrtip.dll
0x00007fff59460000 - 0x00007fff59609000 	C:\Windows\SYSTEM32\PROPSYS.dll
0x00007fff123d0000 - 0x00007fff12508000 	C:\Windows\System32\IME\shared\imetip.dll
0x00007fff42280000 - 0x00007fff42435000 	C:\Windows\SYSTEM32\DUI70.dll
0x00007fff4f9b0000 - 0x00007fff4fa1c000 	C:\Windows\SYSTEM32\OLEACC.dll
0x00007fff1c4b0000 - 0x00007fff1c4ee000 	C:\Windows\System32\IME\IMEKR\imkrapi.dll
0x00007fff1b680000 - 0x00007fff1b6bf000 	C:\Windows\System32\IME\shared\imjkapi.dll

dbghelp: loaded successfully - version: 4.0.5 - missing functions: none
symbol engine: initialized successfully - sym options: 0x614 - pdb path: .;C:\Program Files\Java\jdk-13\bin;C:\Windows\SYSTEM32;C:\Windows\WinSxS\amd64_microsoft.windows.common-controls_6595b64144ccf1df_6.0.17763.914_none_05b346b2072102f2;C:\Program Files\Java\jdk-13\bin\server;C:\Windows\System32\IME\IMEKR;C:\Windows\System32\IME\shared

VM Arguments:
jvm_args: -Dfile.encoding=MS949 
java_command: Main
java_class_path (initial): C:\Users\parkwoojin\eclipse-workspace\HealthCareProject\bin
Launcher Type: SUN_STANDARD

[Global flags]
     intx CICompilerCount                          = 4                                         {product} {ergonomic}
     uint ConcGCThreads                            = 2                                         {product} {ergonomic}
     uint G1ConcRefinementThreads                  = 8                                         {product} {ergonomic}
   size_t G1HeapRegionSize                         = 1048576                                   {product} {ergonomic}
    uintx GCDrainStackTargetSize                   = 64                                        {product} {ergonomic}
   size_t InitialHeapSize                          = 268435456                                 {product} {ergonomic}
   size_t MarkStackSize                            = 4194304                                   {product} {ergonomic}
   size_t MaxHeapSize                              = 4271898624                                {product} {ergonomic}
   size_t MaxNewSize                               = 2562719744                                {product} {ergonomic}
   size_t MinHeapDeltaBytes                        = 1048576                                   {product} {ergonomic}
   size_t MinHeapSize                              = 8388608                                   {product} {ergonomic}
    uintx NonNMethodCodeHeapSize                   = 5836300                                {pd product} {ergonomic}
    uintx NonProfiledCodeHeapSize                  = 122910970                              {pd product} {ergonomic}
    uintx ProfiledCodeHeapSize                     = 122910970                              {pd product} {ergonomic}
    uintx ReservedCodeCacheSize                    = 251658240                              {pd product} {ergonomic}
     bool SegmentedCodeCache                       = true                                      {product} {ergonomic}
   size_t SoftMaxHeapSize                          = 4271898624                             {manageable} {ergonomic}
     bool UseCompressedClassPointers               = true                                 {lp64_product} {ergonomic}
     bool UseCompressedOops                        = true                                 {lp64_product} {ergonomic}
     bool UseG1GC                                  = true                                      {product} {ergonomic}
     bool UseLargePagesIndividualAllocation        = false                                  {pd product} {ergonomic}

Logging:
Log output configuration:
 #0: stdout all=warning uptime,level,tags
 #1: stderr all=off uptime,level,tags

Environment Variables:
PATH=C:/Program Files/Java/jdk-13/bin/server;C:/Program Files/Java/jdk-13/bin;C:\Program Files (x86)\Intel\iCLS Client\;C:\Program Files\Intel\iCLS Client\;C:\Windows\system32;C:\Windows;C:\Windows\System32\Wbem;C:\Windows\System32\WindowsPowerShell\v1.0\;C:\Windows\System32\OpenSSH\;C:\Program Files (x86)\Intel\Intel(R) Management Engine Components\DAL;C:\Program Files\Intel\Intel(R) Management Engine Components\DAL;C:\Program Files (x86)\Intel\Intel(R) Management Engine Components\IPT;C:\Program Files\Intel\Intel(R) Management Engine Components\IPT;C:\Program Files (x86)\NVIDIA Corporation\PhysX\Common;C:\Program Files\Intel\WiFi\bin\;C:\Program Files\Common Files\Intel\WirelessCommon\;C:\Program Files\Git\cmd;C:\Program Files\TortoiseGit\bin;C:\Program Files\MySQL\MySQL Shell 8.0\bin\;C:\Users\parkwoojin\AppData\Local\Microsoft\WindowsApps;C:\Program Files\Intel\WiFi\bin\;C:\Program Files\Common Files\Intel\WirelessCommon\;C:\Users\parkwoojin\AppData\Local\Programs\Microsoft VS Code\bin;;C:\Windows\System32;
USERNAME=parkwoojin
OS=Windows_NT
PROCESSOR_IDENTIFIER=Intel64 Family 6 Model 142 Stepping 10, GenuineIntel



---------------  S Y S T E M  ---------------

OS: Windows 10 , 64 bit Build 17763 (10.0.17763.475)

CPU:total 8 (initial active 8) (4 cores per cpu, 2 threads per core) family 6 model 142 stepping 10, cmov, cx8, fxsr, mmx, sse, sse2, sse3, ssse3, sse4.1, sse4.2, popcnt, avx, avx2, aes, clmul, erms, 3dnowpref, lzcnt, ht, tsc, tscinvbit, bmi1, bmi2, adx, fma

Memory: 4k page, system-wide physical 16293M (6329M free)
TotalPageFile size 46100M (AvailPageFile size 10M)
current process WorkingSet (physical memory assigned to process): 34M, peak: 116M
current process commit charge ("private bytes"): 361M, peak: 393M

vm_info: Java HotSpot(TM) 64-Bit Server VM (13+33) for windows-amd64 JRE (13+33), built on Sep 18 2019 21:38:00 by "mach5one" with unknown MS VC++:1916

END.
