#
# There is insufficient memory for the Java Runtime Environment to continue.
# Native memory allocation (malloc) failed to allocate 32744 bytes for ChunkPool::allocate
# Possible reasons:
#   The system is out of physical RAM or swap space
#   The process is running with CompressedOops enabled, and the Java Heap may be blocking the growth of the native heap
# Possible solutions:
#   Reduce memory load on the system
#   Increase physical memory or swap space
#   Check if swap backing store is full
#   Decrease Java heap size (-Xmx/-Xms)
#   Decrease number of Java threads
#   Decrease Java thread stack sizes (-Xss)
#   Set larger code cache with -XX:ReservedCodeCacheSize=
#   JVM is running with Unscaled Compressed Oops mode in which the Java heap is
#     placed in the first 4GB address space. The Java Heap base address is the
#     maximum limit for the native heap growth. Please use -XX:HeapBaseMinAddress
#     to set the Java Heap base and to place the Java Heap above 4GB virtual address.
# This output file may be truncated or incomplete.
#
#  Out of Memory Error (allocation.cpp:273), pid=77432, tid=0x000000000000e3d0
#
# JRE version: Java(TM) SE Runtime Environment (8.0_201-b09) (build 1.8.0_201-b09)
# Java VM: Java HotSpot(TM) 64-Bit Server VM (25.201-b09 mixed mode windows-amd64 compressed oops)
# Failed to write core dump. Minidumps are not enabled by default on client versions of Windows
#

---------------  T H R E A D  ---------------

Current thread (0x0000000014b4a000):  JavaThread "C2 CompilerThread0" daemon [_thread_in_native, id=58320, stack(0x0000000016490000,0x0000000016590000)]

Stack: [0x0000000016490000,0x0000000016590000]
[error occurred during error reporting (printing stack bounds), id 0xc0000005]

Native frames: (J=compiled Java code, j=interpreted, Vv=VM code, C=native code)


Current CompileTask:
C2:   6824  751   !   4       sun.font.TrueTypeFont::getTableBuffer (199 bytes)


---------------  P R O C E S S  ---------------

Java Threads: ( => current thread )
  0x000000001825a000 JavaThread "AWT-EventQueue-0" [_thread_blocked, id=57348, stack(0x0000000018a40000,0x0000000018b40000)]
  0x0000000016219800 JavaThread "AWT-Windows" daemon [_thread_in_native, id=76824, stack(0x0000000016e50000,0x0000000016f50000)]
  0x0000000016218800 JavaThread "AWT-Shutdown" [_thread_blocked, id=75036, stack(0x0000000016d50000,0x0000000016e50000)]
  0x0000000016216000 JavaThread "Java2D Disposer" daemon [_thread_blocked, id=25160, stack(0x0000000016c50000,0x0000000016d50000)]
  0x0000000015eff000 JavaThread "Service Thread" daemon [_thread_blocked, id=62416, stack(0x0000000016790000,0x0000000016890000)]
  0x0000000015ef8800 JavaThread "C1 CompilerThread2" daemon [_thread_blocked, id=57960, stack(0x0000000016690000,0x0000000016790000)]
  0x0000000015eee000 JavaThread "C2 CompilerThread1" daemon [_thread_in_native, id=57772, stack(0x0000000016590000,0x0000000016690000)]
=>0x0000000014b4a000 JavaThread "C2 CompilerThread0" daemon [_thread_in_native, id=58320, stack(0x0000000016490000,0x0000000016590000)]
  0x0000000015ed3000 JavaThread "Attach Listener" daemon [_thread_blocked, id=7952, stack(0x0000000016390000,0x0000000016490000)]
  0x0000000015ed2800 JavaThread "Signal Dispatcher" daemon [_thread_blocked, id=61240, stack(0x0000000016290000,0x0000000016390000)]
  0x0000000002d2e800 JavaThread "Finalizer" daemon [_thread_blocked, id=77684, stack(0x0000000015d90000,0x0000000015e90000)]
  0x0000000002d23000 JavaThread "Reference Handler" daemon [_thread_blocked, id=54476, stack(0x0000000015c90000,0x0000000015d90000)]
  0x0000000002c2e800 JavaThread "main" [_thread_in_native, id=69560, stack(0x0000000002a50000,0x0000000002b50000)]

Other Threads:
  0x0000000014af7800 VMThread [stack: 0x0000000015b90000,0x0000000015c90000] [id=73292]
  0x0000000015f43800 WatcherThread [stack: 0x0000000016890000,0x0000000016990000] [id=56096]

VM state:not at safepoint (normal execution)

VM Mutex/Monitor currently owned by a thread: None

heap address: 0x00000000cf200000, size: 782 MB, Compressed Oops mode: 32-bit
Narrow klass base: 0x0000000000000000, Narrow klass shift: 3
Compressed class space size: 1073741824 Address: 0x0000000100000000

Heap:
 PSYoungGen      total 14848K, used 13571K [0x00000000efb80000, 0x00000000f1880000, 0x0000000100000000)
  eden space 12800K, 93% used [0x00000000efb80000,0x00000000f07217e8,0x00000000f0800000)
  from space 2048K, 81% used [0x00000000f0800000,0x00000000f099f6d0,0x00000000f0a00000)
  to   space 2048K, 0% used [0x00000000f1680000,0x00000000f1680000,0x00000000f1880000)
 ParOldGen       total 34304K, used 12296K [0x00000000cf200000, 0x00000000d1380000, 0x00000000efb80000)
  object space 34304K, 35% used [0x00000000cf200000,0x00000000cfe02030,0x00000000d1380000)
 Metaspace       used 9596K, capacity 9788K, committed 9984K, reserved 1058816K
  class space    used 1186K, capacity 1258K, committed 1280K, reserved 1048576K

Card table byte_map: [0x00000000120f0000,0x0000000012280000] byte_map_base: 0x0000000011a77000

Marking Bits: (ParMarkBitMap*) 0x000000005a7c4ce0
 Begin Bits: [0x0000000012790000, 0x00000000133c8000)
 End Bits:   [0x00000000133c8000, 0x0000000014000000)

Polling page: 0x0000000000a80000

CodeCache: size=245760Kb used=3008Kb max_used=3012Kb free=242751Kb
 bounds [0x0000000002d30000, 0x0000000003030000, 0x0000000011d30000]
 total_blobs=1191 nmethods=749 adapters=355
 compilation: enabled

Compilation events (10 events):
Event: 6.663 Thread 0x0000000014b4a000 nmethod 744 0x00000000030222d0 code [0x0000000003022440, 0x0000000003022ba8]
Event: 6.663 Thread 0x0000000014b4a000  746       4       java.nio.Buffer::hasRemaining (17 bytes)
Event: 6.664 Thread 0x0000000014b4a000 nmethod 746 0x0000000002ffcb10 code [0x0000000002ffcc40, 0x0000000002ffccb8]
Event: 6.664 Thread 0x0000000014b4a000  747       4       sun.nio.cs.UnicodeDecoder::decode (24 bytes)
Event: 6.665 Thread 0x0000000014b4a000 nmethod 747 0x0000000002fdad90 code [0x0000000002fdaec0, 0x0000000002fdaf58]
Event: 6.678 Thread 0x0000000015ef8800  749       3       java.util.AbstractCollection::toArray (147 bytes)
Event: 6.680 Thread 0x0000000015ef8800 nmethod 749 0x0000000003020a10 code [0x0000000003020c80, 0x0000000003021dd8]
Event: 6.680 Thread 0x0000000015ef8800  750       3       java.util.HashSet::size (8 bytes)
Event: 6.680 Thread 0x0000000015ef8800 nmethod 750 0x0000000003018510 code [0x0000000003018660, 0x0000000003018850]
Event: 6.700 Thread 0x0000000014b4a000  751   !   4       sun.font.TrueTypeFont::getTableBuffer (199 bytes)

GC Heap History (2 events):
Event: 0.888 GC heap before
{Heap before GC invocations=1 (full 0):
 PSYoungGen      total 14848K, used 12651K [0x00000000efb80000, 0x00000000f0c00000, 0x0000000100000000)
  eden space 12800K, 98% used [0x00000000efb80000,0x00000000f07dac10,0x00000000f0800000)
  from space 2048K, 0% used [0x00000000f0a00000,0x00000000f0a00000,0x00000000f0c00000)
  to   space 2048K, 0% used [0x00000000f0800000,0x00000000f0800000,0x00000000f0a00000)
 ParOldGen       total 34304K, used 0K [0x00000000cf200000, 0x00000000d1380000, 0x00000000efb80000)
  object space 34304K, 0% used [0x00000000cf200000,0x00000000cf200000,0x00000000d1380000)
 Metaspace       used 7150K, capacity 7338K, committed 7680K, reserved 1056768K
  class space    used 865K, capacity 935K, committed 1024K, reserved 1048576K
Event: 0.901 GC heap after
Heap after GC invocations=1 (full 0):
 PSYoungGen      total 14848K, used 1661K [0x00000000efb80000, 0x00000000f1880000, 0x0000000100000000)
  eden space 12800K, 0% used [0x00000000efb80000,0x00000000efb80000,0x00000000f0800000)
  from space 2048K, 81% used [0x00000000f0800000,0x00000000f099f6d0,0x00000000f0a00000)
  to   space 2048K, 0% used [0x00000000f1680000,0x00000000f1680000,0x00000000f1880000)
 ParOldGen       total 34304K, used 12296K [0x00000000cf200000, 0x00000000d1380000, 0x00000000efb80000)
  object space 34304K, 35% used [0x00000000cf200000,0x00000000cfe02030,0x00000000d1380000)
 Metaspace       used 7150K, capacity 7338K, committed 7680K, reserved 1056768K
  class space    used 865K, capacity 935K, committed 1024K, reserved 1048576K
}

Deoptimization events (8 events):
Event: 0.756 Thread 0x0000000002c2e800 Uncommon trap: reason=null_check action=make_not_entrant pc=0x0000000002eb4314 method=java.lang.String.equals(Ljava/lang/Object;)Z @ 8
Event: 1.046 Thread 0x0000000016279800 Uncommon trap: reason=unstable_if action=reinterpret pc=0x0000000002ef1174 method=java.lang.Math.round(F)I @ 23
Event: 6.549 Thread 0x0000000002c2e800 Uncommon trap: reason=class_check action=maybe_recompile pc=0x0000000002fb7aa4 method=java.util.HashMap.putVal(ILjava/lang/Object;Ljava/lang/Object;ZZ)Ljava/lang/Object; @ 203
Event: 6.549 Thread 0x0000000002c2e800 Uncommon trap: reason=class_check action=maybe_recompile pc=0x0000000002fb7aa4 method=java.util.HashMap.putVal(ILjava/lang/Object;Ljava/lang/Object;ZZ)Ljava/lang/Object; @ 203
Event: 6.549 Thread 0x0000000002c2e800 Uncommon trap: reason=class_check action=maybe_recompile pc=0x0000000002fb7aa4 method=java.util.HashMap.putVal(ILjava/lang/Object;Ljava/lang/Object;ZZ)Ljava/lang/Object; @ 203
Event: 6.549 Thread 0x0000000002c2e800 Uncommon trap: reason=class_check action=maybe_recompile pc=0x0000000002fb7aa4 method=java.util.HashMap.putVal(ILjava/lang/Object;Ljava/lang/Object;ZZ)Ljava/lang/Object; @ 203
Event: 6.613 Thread 0x0000000002c2e800 Uncommon trap: reason=unstable_if action=reinterpret pc=0x0000000002f5914c method=java.lang.String.toLowerCase(Ljava/util/Locale;)Ljava/lang/String; @ 37
Event: 6.649 Thread 0x0000000002c2e800 Uncommon trap: reason=unstable_if action=reinterpret pc=0x000000000300a5d0 method=java.lang.Character.isSurrogate(C)Z @ 3

Classes redefined (0 events):
No events

Internal exceptions (10 events):
Event: 0.399 Thread 0x0000000002c2e800 Exception <a 'java/security/PrivilegedActionException'> (0x00000000efc74918) thrown at [C:\re\workspace\8-2-build-windows-amd64-cygwin\jdk8u201\12322\hotspot\src\share\vm\prims\jvm.cpp, line 1502]
Event: 0.401 Thread 0x0000000002c2e800 Exception <a 'java/security/PrivilegedActionException'> (0x00000000efc78588) thrown at [C:\re\workspace\8-2-build-windows-amd64-cygwin\jdk8u201\12322\hotspot\src\share\vm\prims\jvm.cpp, line 1502]
Event: 0.401 Thread 0x0000000002c2e800 Exception <a 'java/security/PrivilegedActionException'> (0x00000000efc78798) thrown at [C:\re\workspace\8-2-build-windows-amd64-cygwin\jdk8u201\12322\hotspot\src\share\vm\prims\jvm.cpp, line 1502]
Event: 0.427 Thread 0x0000000002c2e800 Exception <a 'java/io/FileNotFoundException'> (0x00000000efc7b5f0) thrown at [C:\re\workspace\8-2-build-windows-amd64-cygwin\jdk8u201\12322\hotspot\src\share\vm\prims\jni.cpp, line 709]
Event: 0.520 Thread 0x0000000002c2e800 Exception <a 'java/lang/NoSuchFieldError': method resolution failed> (0x00000000efd8cf40) thrown at [C:\re\workspace\8-2-build-windows-amd64-cygwin\jdk8u201\12322\hotspot\src\share\vm\prims\methodHandles.cpp, line 1167]
Event: 0.528 Thread 0x0000000002c2e800 Exception <a 'java/lang/NoSuchFieldError': method resolution failed> (0x00000000efd9a330) thrown at [C:\re\workspace\8-2-build-windows-amd64-cygwin\jdk8u201\12322\hotspot\src\share\vm\prims\methodHandles.cpp, line 1167]
Event: 0.657 Thread 0x0000000002c2e800 Exception <a 'java/io/FileNotFoundException'> (0x00000000efe44d70) thrown at [C:\re\workspace\8-2-build-windows-amd64-cygwin\jdk8u201\12322\hotspot\src\share\vm\prims\jni.cpp, line 709]
Event: 0.756 Thread 0x0000000002c2e800 Implicit null exception at 0x0000000002eb415b to 0x0000000002eb4305
Event: 1.305 Thread 0x0000000002c2e800 Exception <a 'java/io/FileNotFoundException'> (0x00000000efcb4520) thrown at [C:\re\workspace\8-2-build-windows-amd64-cygwin\jdk8u201\12322\hotspot\src\share\vm\prims\jni.cpp, line 709]
Event: 1.305 Thread 0x0000000002c2e800 Exception <a 'java/lang/NullPointerException'> (0x00000000efcb4bc8) thrown at [C:\re\workspace\8-2-build-windows-amd64-cygwin\jdk8u201\12322\hotspot\src\share\vm\interpreter\linkResolver.cpp, line 1185]

Events (10 events):
Event: 6.549 Thread 0x0000000002c2e800 DEOPT UNPACKING pc=0x0000000002d7583b sp=0x0000000002b4e618 mode 2
Event: 6.549 Thread 0x0000000002c2e800 Uncommon trap: trap_request=0xffffffde fr.pc=0x0000000002fb7aa4
Event: 6.549 Thread 0x0000000002c2e800 DEOPT PACKING pc=0x0000000002fb7aa4 sp=0x0000000002b4e6a0
Event: 6.549 Thread 0x0000000002c2e800 DEOPT UNPACKING pc=0x0000000002d7583b sp=0x0000000002b4e618 mode 2
Event: 6.613 Thread 0x0000000002c2e800 Uncommon trap: trap_request=0xffffff65 fr.pc=0x0000000002f5914c
Event: 6.613 Thread 0x0000000002c2e800 DEOPT PACKING pc=0x0000000002f5914c sp=0x0000000002b4e780
Event: 6.613 Thread 0x0000000002c2e800 DEOPT UNPACKING pc=0x0000000002d7583b sp=0x0000000002b4e6f8 mode 2
Event: 6.649 Thread 0x0000000002c2e800 Uncommon trap: trap_request=0xffffff65 fr.pc=0x000000000300a5d0
Event: 6.649 Thread 0x0000000002c2e800 DEOPT PACKING pc=0x000000000300a5d0 sp=0x0000000002b4e290
Event: 6.649 Thread 0x0000000002c2e800 DEOPT UNPACKING pc=0x0000000002d7583b sp=0x0000000002b4e1b8 mode 2


Dynamic libraries:
0x00007ff6879d0000 - 0x00007ff687a07000 	C:\Program Files\Java\jre1.8.0_201\bin\javaw.exe
0x00007ff873020000 - 0x00007ff873210000 	C:\WINDOWS\SYSTEM32\ntdll.dll
0x00007ff8711b0000 - 0x00007ff871262000 	C:\WINDOWS\System32\KERNEL32.DLL
0x00007ff870a90000 - 0x00007ff870d33000 	C:\WINDOWS\System32\KERNELBASE.dll
0x00007ff871f30000 - 0x00007ff871fd3000 	C:\WINDOWS\System32\ADVAPI32.dll
0x00007ff8712a0000 - 0x00007ff87133e000 	C:\WINDOWS\System32\msvcrt.dll
0x00007ff871e20000 - 0x00007ff871eb7000 	C:\WINDOWS\System32\sechost.dll
0x00007ff872760000 - 0x00007ff872880000 	C:\WINDOWS\System32\RPCRT4.dll
0x00007ff8722c0000 - 0x00007ff872454000 	C:\WINDOWS\System32\USER32.dll
0x00007ff870a60000 - 0x00007ff870a81000 	C:\WINDOWS\System32\win32u.dll
0x00007ff871360000 - 0x00007ff871386000 	C:\WINDOWS\System32\GDI32.dll
0x00007ff870e20000 - 0x00007ff870fb4000 	C:\WINDOWS\System32\gdi32full.dll
0x00007ff870fc0000 - 0x00007ff87105e000 	C:\WINDOWS\System32\msvcp_win.dll
0x00007ff8708e0000 - 0x00007ff8709da000 	C:\WINDOWS\System32\ucrtbase.dll
0x00007ff8603f0000 - 0x00007ff860675000 	C:\WINDOWS\WinSxS\amd64_microsoft.windows.common-controls_6595b64144ccf1df_6.0.18362.535_none_e6c3b34713100821\COMCTL32.dll
0x00007ff8715a0000 - 0x00007ff8718d6000 	C:\WINDOWS\System32\combase.dll
0x00007ff8709e0000 - 0x00007ff870a60000 	C:\WINDOWS\System32\bcryptPrimitives.dll
0x00007ff871270000 - 0x00007ff87129e000 	C:\WINDOWS\System32\IMM32.DLL
0x000000005a850000 - 0x000000005a921000 	C:\Program Files\Java\jre1.8.0_201\bin\msvcr100.dll
0x0000000059fa0000 - 0x000000005a844000 	C:\Program Files\Java\jre1.8.0_201\bin\server\jvm.dll
0x00007ff871350000 - 0x00007ff871358000 	C:\WINDOWS\System32\PSAPI.DLL
0x00007ff8620c0000 - 0x00007ff8620c9000 	C:\WINDOWS\SYSTEM32\WSOCK32.dll
0x00007ff871ec0000 - 0x00007ff871f2f000 	C:\WINDOWS\System32\WS2_32.dll
0x00007ff8675f0000 - 0x00007ff867614000 	C:\WINDOWS\SYSTEM32\WINMM.dll
0x00007ff8674d0000 - 0x00007ff8674fd000 	C:\WINDOWS\SYSTEM32\WINMMBASE.dll
0x00007ff871080000 - 0x00007ff8710ca000 	C:\WINDOWS\System32\cfgmgr32.dll
0x00007ff867620000 - 0x00007ff86762a000 	C:\WINDOWS\SYSTEM32\VERSION.dll
0x00007ff86b650000 - 0x00007ff86b65f000 	C:\Program Files\Java\jre1.8.0_201\bin\verify.dll
0x00007ff867410000 - 0x00007ff867439000 	C:\Program Files\Java\jre1.8.0_201\bin\java.dll
0x00007ff867170000 - 0x00007ff867186000 	C:\Program Files\Java\jre1.8.0_201\bin\zip.dll
0x00007ff872880000 - 0x00007ff872f65000 	C:\WINDOWS\System32\SHELL32.dll
0x00007ff871fe0000 - 0x00007ff872089000 	C:\WINDOWS\System32\shcore.dll
0x00007ff870100000 - 0x00007ff87087f000 	C:\WINDOWS\System32\windows.storage.dll
0x00007ff86ff90000 - 0x00007ff86ffaf000 	C:\WINDOWS\System32\profapi.dll
0x00007ff86ff40000 - 0x00007ff86ff8a000 	C:\WINDOWS\System32\powrprof.dll
0x00007ff86fef0000 - 0x00007ff86ff00000 	C:\WINDOWS\System32\UMPDC.dll
0x00007ff872f80000 - 0x00007ff872fd2000 	C:\WINDOWS\System32\shlwapi.dll
0x00007ff86ff00000 - 0x00007ff86ff11000 	C:\WINDOWS\System32\kernel.appcore.dll
0x00007ff871060000 - 0x00007ff871077000 	C:\WINDOWS\System32\cryptsp.dll
0x00007ff830490000 - 0x00007ff830629000 	C:\Program Files\Java\jre1.8.0_201\bin\awt.dll
0x00007ff871390000 - 0x00007ff871454000 	C:\WINDOWS\System32\OLEAUT32.dll
0x00007ff86e0d0000 - 0x00007ff86e15f000 	C:\WINDOWS\SYSTEM32\apphelp.dll
0x00007ff86e860000 - 0x00007ff86e88d000 	C:\WINDOWS\system32\DWMAPI.DLL
0x00007ff86e220000 - 0x00007ff86e2b9000 	C:\WINDOWS\system32\uxtheme.dll
0x00007ff84f8c0000 - 0x00007ff84fa16000 	C:\WINDOWS\system32\opengl32.dll
0x00007ff856d50000 - 0x00007ff856d7c000 	C:\WINDOWS\SYSTEM32\GLU32.dll
0x00007ff86eb60000 - 0x00007ff86eb80000 	C:\WINDOWS\SYSTEM32\dxcore.dll
0x00007ff871460000 - 0x00007ff871595000 	C:\WINDOWS\System32\MSCTF.dll
0x00007ff8724d0000 - 0x00007ff872626000 	C:\WINDOWS\System32\ole32.dll
0x00007ff84d990000 - 0x00007ff84d9c1000 	C:\Program Files\Java\jre1.8.0_201\bin\jpeg.dll
0x00007ff83f720000 - 0x00007ff83f767000 	C:\Program Files\Java\jre1.8.0_201\bin\fontmanager.dll
0x00007ff872650000 - 0x00007ff8726f2000 	C:\WINDOWS\System32\clbcatq.dll
0x00007ff854b00000 - 0x00007ff854caf000 	C:\WINDOWS\SYSTEM32\WindowsCodecs.dll
0x00007ff854680000 - 0x00007ff8546ba000 	C:\WINDOWS\system32\dataexchange.dll
0x00007ff86d930000 - 0x00007ff86db0b000 	C:\WINDOWS\system32\dcomp.dll
0x00007ff86d6d0000 - 0x00007ff86d92b000 	C:\WINDOWS\system32\d3d11.dll
0x00007ff86ebf0000 - 0x00007ff86ecdb000 	C:\WINDOWS\system32\dxgi.dll
0x00007ff86e340000 - 0x00007ff86e59a000 	C:\WINDOWS\system32\twinapi.appcore.dll
0x00007ff86e770000 - 0x00007ff86e799000 	C:\WINDOWS\system32\RMCLIENT.dll
0x00007ff8640d0000 - 0x00007ff8640ea000 	C:\Program Files\Java\jre1.8.0_201\bin\net.dll
0x00007ff865640000 - 0x00007ff865816000 	C:\WINDOWS\SYSTEM32\urlmon.dll
0x00007ff864550000 - 0x00007ff8647f6000 	C:\WINDOWS\SYSTEM32\iertutil.dll
0x00007ff86f930000 - 0x00007ff86f93c000 	C:\WINDOWS\SYSTEM32\CRYPTBASE.DLL
0x00007ff86f760000 - 0x00007ff86f7c7000 	C:\WINDOWS\system32\mswsock.dll
0x00007ff858700000 - 0x00007ff858711000 	C:\Program Files\Java\jre1.8.0_201\bin\nio.dll

VM Arguments:
jvm_args: -Dfile.encoding=MS949 
java_command: Main
java_class_path (initial): C:\Users\bbay4\OneDrive\문서\GitHub\HealthExcerciseProject\bin;C:\Users\bbay4\Downloads\아카이브\gson-2.8.0.jar;C:\Users\bbay4\Downloads\아카이브\gwt-servlet-deps.jar;C:\Users\bbay4\Downloads\아카이브\java-json.jar;C:\Users\bbay4\Downloads\아카이브\json-20190722.jar;C:\Users\bbay4\Downloads\아카이브\json-simple-1.1.1.jar;C:\Users\bbay4\Downloads\아카이브\mysql-connector-java-8.0.18.zip;C:\Users\bbay4\Downloads\아카이브\org.json.jar;C:\Program Files\Apache Software Foundation\Tomcat 9.0\lib\annotations-api.jar;C:\Program Files\Apache Software Foundation\Tomcat 9.0\lib\catalina-ant.jar;C:\Program Files\Apache Software Foundation\Tomcat 9.0\lib\catalina-ha.jar;C:\Program Files\Apache Software Foundation\Tomcat 9.0\lib\catalina-ssi.jar;C:\Program Files\Apache Software Foundation\Tomcat 9.0\lib\catalina-storeconfig.jar;C:\Program Files\Apache Software Foundation\Tomcat 9.0\lib\catalina-tribes.jar;C:\Program Files\Apache Software Foundation\Tomcat 9.0\lib\catalina.jar;C:\Program Files\Apache Software Foundation\Tomcat 9.0\lib\ecj-4.13.jar;C:\Program Files\Apache Software Foundation\Tomcat 9.0\lib\el-api.jar;C:\Program Files\Apache Software Foundation\Tomcat 9.0\lib\jasper-el.jar;C:\Program Files\Apache Software Foundation\Tomcat 9.0\lib\jasper.jar;C:\Program Files\Apache Software Foundation\Tomcat 9.0\lib\jaspic-api.jar;C:\Program Files\Apache Software Foundation\Tomcat 9.0\lib\jsp-api.jar;C:\Program Files\Apache Software Foundation\Tomcat 9.0\lib\servlet-api.jar;C:\Program Files\Apache Software Foundation\Tomcat 9.0\lib\tomcat-api.jar;C:\Program Files\Apache Software Foundation\Tomcat 9.0\lib\tomcat-coyote.jar;C:\Program Files\Apache Software Foundation\Tomcat 9.0\lib\tomcat-dbcp.jar;C:\Program Files\Apache Software Foundation\Tomcat 9.0\lib\tomcat-i18n-cs.jar;C:\Program Files\Apache Software Foundation\Tomcat 9.0\lib\tomcat-i18n-de.jar;C:\Program Files\Apache Software Foundation\Tomcat 9.0\lib\tomcat-i18n-es.jar;C:\Program Files\Apache Softw
Launcher Type: SUN_STANDARD

Environment Variables:
JAVA_HOME=C:\Program Files\Java\jdk1.8.0_201
CLASSPATH="C:\Program Files\Java\jdk1.8.0_201\lib\tools.jar;";
PATH=C:/Program Files/Java/jdk1.8.0_201/bin/../jre/bin/server;C:/Program Files/Java/jdk1.8.0_201/bin/../jre/bin;C:/Program Files/Java/jdk1.8.0_201/bin/../jre/lib/amd64;C:\Program Files (x86)\Common Files\Oracle\Java\javapath;"C:\Program Files (x86)\Common Files\Oracle\Java\javapath;C:\Program Files\Java\jdk1.8.0_201\bin";C:\WINDOWS\system32;C:\WINDOWS;C:\WINDOWS\System32\Wbem;C:\WINDOWS\System32\WindowsPowerShell\v1.0\;C:\WINDOWS\System32\OpenSSH\;C:\Program Files\Git\cmd;C:\Program Files\Java\jdk1.8.0_201\bin;C:\Program Files (x86)\Microsoft SQL Server\100\Tools\Binn\;C:\Program Files\Microsoft SQL Server\100\Tools\Binn\;C:\Program Files\Microsoft SQL Server\100\DTS\Binn\;C:\spring4\gradle-5.4.1-bin\gradle-5.4.1\bin;C:\Users\bbay4\AppData\Local\Programs\Python\Python37-32\Scripts;C:\Program Files\MySQL\MySQL Server 5.7\bin;C:\httpd-2.4.41-win64-VS16\Apache24\bin;C:\spring4\platform-tools_r29.0.4-windows\platform-tools\;C:\Program Files\Android\Android Studio\jre\bin;C:\spring4\platform-tools_r29.0.4-windows (1)\platform-tools;C:\Program Files\Intel\WiFi\bin\;C:\Program Files\Common Files\Intel\WirelessCommon\;C:\Program Files\MySQL\MySQL Shell 8.0\bin\;C:\Users\bbay4\AppData\Local\GitHubDesktop\bin;C:\Users\bbay4\AppData\Local\Microsoft\WindowsApps;C:\Program Files\Intel\WiFi\bin\;C:\Program Files\Common Files\Intel\WirelessCommon\;C:\Program Files\MySQL\MySQL Server 8.0\bin;;C:\Users\bbay4\eclipse\java-2019-12\eclipse;
USERNAME=KAY
OS=Windows_NT
PROCESSOR_IDENTIFIER=Intel64 Family 6 Model 78 Stepping 3, GenuineIntel



---------------  S Y S T E M  ---------------

OS: Windows 10.0 , 64 bit Build 18362 (10.0.18362.329)

CPU:total 4 (initial active 4) (2 cores per cpu, 2 threads per core) family 6 model 78 stepping 3, cmov, cx8, fxsr, mmx, sse, sse2, sse3, ssse3, sse4.1, sse4.2, popcnt, avx, avx2, aes, clmul, erms, rtm, 3dnowpref, lzcnt, ht, tsc, tscinvbit, bmi1, bmi2, adx

Memory: 4k page, physical 3197772k(160344k free), swap 13159244k(1668k free)

vm_info: Java HotSpot(TM) 64-Bit Server VM (25.201-b09) for windows-amd64 JRE (1.8.0_201-b09), built on Dec 15 2018 18:36:39 by "java_re" with MS VC++ 10.0 (VS2010)

time: Wed Jan 01 01:21:39 2020
timezone: 대한민국 표준시
elapsed time: 6 seconds (0d 0h 0m 6s)

